added QmZkU7Mmo4qpvdoWAKV6Qqzdd1X65j8Si95SAGfUJFWVch dist/404.html
added QmXTM9EQYj2ozGnUS7UMVVwMTrKr7TrZQt6BLyrVvfRmxL dist/assets/app.CSdHIumz.js
added QmXgjBXVYiAq5ZVv2SrtYGkeiwB36CTR6ktvHBfbqF7L1a dist/assets/chunks/framework.D8iJ1yzG.js
added QmS35CswTc4ziTGesCiT5MSp71dMbBGHa4rVTPKzJhFZWW dist/assets/chunks/theme.CGgvNq18.js
added QmNQLZ9md4noWsLoV3tK7rRDDZKbqkFWVhb7X3zLAawp9L dist/assets/index.md.i-76v5tn.js
added QmNQLZ9md4noWsLoV3tK7rRDDZKbqkFWVhb7X3zLAawp9L dist/assets/index.md.i-76v5tn.lean.js
added QmccwemGH83Z4hz9f4DkqiuPQtHrWLshgjnJhbQc363ENm dist/assets/inter-italic-cyrillic-ext.r48I6akx.woff2
added Qme1ctiTYexwTyVXStP7ABVr2oaZW8jsNVR23GkNV4qBq5 dist/assets/inter-italic-cyrillic.By2_1cv3.woff2
added Qmf7hd285GUHYcca1QU1BaPkVVDQBidPaHfgiVXSsW9YFM dist/assets/inter-italic-greek-ext.1u6EdAuj.woff2
added QmYszKUiNptksAaR8hYDJ5rDAqNQWgur9WLjxh43mDqThS dist/assets/inter-italic-greek.DJ8dCoTZ.woff2
added QmWcZ8vpsEoByFEU13xB887yviHBHWJJvsFCdnSJrvTTfz dist/assets/inter-italic-latin-ext.CN1xVJS-.woff2
added QmTdzmnKcb33E1aAsJiAhM2qLdT9hHVCf3K7UFCoVBVgEi dist/assets/inter-italic-latin.C2AdPX0b.woff2
added QmYkoQCHnQkNRu6aNWSbezXm5mEYpg3arcgqv1uirk8eBe dist/assets/inter-italic-vietnamese.BSbpV94h.woff2
added QmXDTvtLtXMTUcJkaPwAKntayR5JAPb473Go7pAfmDxoeA dist/assets/inter-roman-cyrillic-ext.BBPuwvHQ.woff2
added QmdauABXsRXhGRC1aqUWvUMSg8b6onXTvRqpasTDyUeZvT dist/assets/inter-roman-cyrillic.C5lxZ8CY.woff2
added QmQfWo2SQhCTRkMpVccTxZhA4zB7CFRJoLGjXM8yFn5r6o dist/assets/inter-roman-greek-ext.CqjqNYQ-.woff2
added QmeRaH7yNyPzbHFVcKyfwDXEEMVshRp9iDRjY3J2kKFARt dist/assets/inter-roman-greek.BBVDIX6e.woff2
added QmP9hihN1R8XRBN23ZVBCqMJWzbCmX1NdxxatvsTME1VmM dist/assets/inter-roman-latin-ext.4ZJIpNVo.woff2
added QmWr2VyeosKaisyyh7QYwf8rqffPArMeX73zPq42tYGG3n dist/assets/inter-roman-latin.Di8DUHzh.woff2
added QmeihT6Si5D3pMZJvzYaYZQ7Q1qAbC6aujSdEaop2SgdJj dist/assets/inter-roman-vietnamese.BjW4sHH5.woff2
added QmRzj45p43yJZheJSMYG9R9iWMVpBWH9QWduCaNh74BGGP dist/assets/style.DGOls4H2.css
added QmUbsu7V3ymvq5UifzyzC5v3CkVeVEV3ngDd1k8pg4HTwR dist/hashmap.json
added Qmf8EwT1YrymGRLGVkbVeTXxfC8wsWAWZm2QaDto7w6v9S dist/index.html
added QmbFMke1KXqnYyBBWxB74N4c5SBnJMVAiMNRcGu6x1AwQH dist/vp-icons.css
added QmX7kFbZHzPCA5ACf8U9F4A6sijJnwzG3Y25LM6b49dRS6 dist/assets/chunks
added QmS3mRc2XCZccVEuKfLWj277AiLtU3sbFAYytyPdN8ctR4 dist/assets
added QmfXYwqW7VxgKhwWwF72R1amQsCTWHkY5JyhruNcZp7hLc dist
added QmWMGPS89qgBBHNocJvHuqUZyiuQQNqwMeW5gE8VrgXyUb dist/404.html
added QmTGBZbPFq21jPsA7sbwDJG4ox9vHS13vJVgyUcWxWqmUD dist/assets/app.Du4llYq6.js
added QmXgjBXVYiAq5ZVv2SrtYGkeiwB36CTR6ktvHBfbqF7L1a dist/assets/chunks/framework.D8iJ1yzG.js
added QmUpvyQNfNDxXX86V7cdTaqtEwjWE7yDYvxAnAbMTrUbLe dist/assets/chunks/theme.BwATGHLE.js
added QmQ48RAExepz2oTGqzSQB3VsTdEipToUAgYuCiW41kbM8j dist/assets/index.md.C7JVwk8y.js
added QmQ48RAExepz2oTGqzSQB3VsTdEipToUAgYuCiW41kbM8j dist/assets/index.md.C7JVwk8y.lean.js
added QmccwemGH83Z4hz9f4DkqiuPQtHrWLshgjnJhbQc363ENm dist/assets/inter-italic-cyrillic-ext.r48I6akx.woff2
added Qme1ctiTYexwTyVXStP7ABVr2oaZW8jsNVR23GkNV4qBq5 dist/assets/inter-italic-cyrillic.By2_1cv3.woff2
added Qmf7hd285GUHYcca1QU1BaPkVVDQBidPaHfgiVXSsW9YFM dist/assets/inter-italic-greek-ext.1u6EdAuj.woff2
added QmYszKUiNptksAaR8hYDJ5rDAqNQWgur9WLjxh43mDqThS dist/assets/inter-italic-greek.DJ8dCoTZ.woff2
added QmWcZ8vpsEoByFEU13xB887yviHBHWJJvsFCdnSJrvTTfz dist/assets/inter-italic-latin-ext.CN1xVJS-.woff2
added QmTdzmnKcb33E1aAsJiAhM2qLdT9hHVCf3K7UFCoVBVgEi dist/assets/inter-italic-latin.C2AdPX0b.woff2
added QmYkoQCHnQkNRu6aNWSbezXm5mEYpg3arcgqv1uirk8eBe dist/assets/inter-italic-vietnamese.BSbpV94h.woff2
added QmXDTvtLtXMTUcJkaPwAKntayR5JAPb473Go7pAfmDxoeA dist/assets/inter-roman-cyrillic-ext.BBPuwvHQ.woff2
added QmdauABXsRXhGRC1aqUWvUMSg8b6onXTvRqpasTDyUeZvT dist/assets/inter-roman-cyrillic.C5lxZ8CY.woff2
added QmQfWo2SQhCTRkMpVccTxZhA4zB7CFRJoLGjXM8yFn5r6o dist/assets/inter-roman-greek-ext.CqjqNYQ-.woff2
added QmeRaH7yNyPzbHFVcKyfwDXEEMVshRp9iDRjY3J2kKFARt dist/assets/inter-roman-greek.BBVDIX6e.woff2
added QmP9hihN1R8XRBN23ZVBCqMJWzbCmX1NdxxatvsTME1VmM dist/assets/inter-roman-latin-ext.4ZJIpNVo.woff2
added QmWr2VyeosKaisyyh7QYwf8rqffPArMeX73zPq42tYGG3n dist/assets/inter-roman-latin.Di8DUHzh.woff2
added QmeihT6Si5D3pMZJvzYaYZQ7Q1qAbC6aujSdEaop2SgdJj dist/assets/inter-roman-vietnamese.BjW4sHH5.woff2
added QmRzj45p43yJZheJSMYG9R9iWMVpBWH9QWduCaNh74BGGP dist/assets/style.DGOls4H2.css
added Qmd8Udubp17oLECpfyNuDhaw3erBCeqoyeurt7H3Q7yQaN dist/hashmap.json
added QmXzfbaWMgfrprNbGpFs1USaHrDvUjjJmywmJ836pk9z22 dist/index.html
added QmbFMke1KXqnYyBBWxB74N4c5SBnJMVAiMNRcGu6x1AwQH dist/vp-icons.css
added QmS27YAMyfgtmU4h8MNeEdzfi6E3mnZBLHvUkVCFRXDtz9 dist/assets/chunks
added QmT5XnFdAQ6K4imNNijgWu26PgZEVAGeXPToNczLPAwPYi dist/assets
added QmXFJ1SUa79PK5e4UF4UfFZdarQX8ZVhC16871ixGgyCh5 dist
added QmYjVVCBbts4AHaMMytfBQTeYEuSQRCAgHzYZJi18bh9oZ dist/404.html
added QmeJa2ov3VGDPpVbnc5g988w7jvYTTdjoHz8iifwB2JM1Z dist/assets/app.CgeZS3zG.js
added QmXgjBXVYiAq5ZVv2SrtYGkeiwB36CTR6ktvHBfbqF7L1a dist/assets/chunks/framework.D8iJ1yzG.js
added QmeTgxsARgHCTXqNvJdYQw3DtsQkBuJu1f9kLsrZNLA4LW dist/assets/chunks/theme.Chauaikd.js
added QmNcJF25hetJTDqganfZNpzSdhhux1EBoj87CMsADKN7Ri dist/assets/index.md.B99lRfTF.js
added QmNcJF25hetJTDqganfZNpzSdhhux1EBoj87CMsADKN7Ri dist/assets/index.md.B99lRfTF.lean.js
added QmccwemGH83Z4hz9f4DkqiuPQtHrWLshgjnJhbQc363ENm dist/assets/inter-italic-cyrillic-ext.r48I6akx.woff2
added Qme1ctiTYexwTyVXStP7ABVr2oaZW8jsNVR23GkNV4qBq5 dist/assets/inter-italic-cyrillic.By2_1cv3.woff2
added Qmf7hd285GUHYcca1QU1BaPkVVDQBidPaHfgiVXSsW9YFM dist/assets/inter-italic-greek-ext.1u6EdAuj.woff2
added QmYszKUiNptksAaR8hYDJ5rDAqNQWgur9WLjxh43mDqThS dist/assets/inter-italic-greek.DJ8dCoTZ.woff2
added QmWcZ8vpsEoByFEU13xB887yviHBHWJJvsFCdnSJrvTTfz dist/assets/inter-italic-latin-ext.CN1xVJS-.woff2
added QmTdzmnKcb33E1aAsJiAhM2qLdT9hHVCf3K7UFCoVBVgEi dist/assets/inter-italic-latin.C2AdPX0b.woff2
added QmYkoQCHnQkNRu6aNWSbezXm5mEYpg3arcgqv1uirk8eBe dist/assets/inter-italic-vietnamese.BSbpV94h.woff2
added QmXDTvtLtXMTUcJkaPwAKntayR5JAPb473Go7pAfmDxoeA dist/assets/inter-roman-cyrillic-ext.BBPuwvHQ.woff2
added QmdauABXsRXhGRC1aqUWvUMSg8b6onXTvRqpasTDyUeZvT dist/assets/inter-roman-cyrillic.C5lxZ8CY.woff2
added QmQfWo2SQhCTRkMpVccTxZhA4zB7CFRJoLGjXM8yFn5r6o dist/assets/inter-roman-greek-ext.CqjqNYQ-.woff2
added QmeRaH7yNyPzbHFVcKyfwDXEEMVshRp9iDRjY3J2kKFARt dist/assets/inter-roman-greek.BBVDIX6e.woff2
added QmP9hihN1R8XRBN23ZVBCqMJWzbCmX1NdxxatvsTME1VmM dist/assets/inter-roman-latin-ext.4ZJIpNVo.woff2
added QmWr2VyeosKaisyyh7QYwf8rqffPArMeX73zPq42tYGG3n dist/assets/inter-roman-latin.Di8DUHzh.woff2
added QmeihT6Si5D3pMZJvzYaYZQ7Q1qAbC6aujSdEaop2SgdJj dist/assets/inter-roman-vietnamese.BjW4sHH5.woff2
added QmRzj45p43yJZheJSMYG9R9iWMVpBWH9QWduCaNh74BGGP dist/assets/style.DGOls4H2.css
added QmRvpEZdFmBKuXqPoxs4KzZSF71GRdzAUA5PJo5o6reiwW dist/hashmap.json
added QmT1aS3L5AY1nBsY18t1RF416bJDnjn8511kteNFrgpcfW dist/index.html
added QmbFMke1KXqnYyBBWxB74N4c5SBnJMVAiMNRcGu6x1AwQH dist/vp-icons.css
added QmRvs2r6QnPzKeD9u1JrTWQXX9CGiv8j5XmQoQ9dhGq2Vh dist/assets/chunks
added QmNsFHuQebRZgv7MiyUUjmGExXj9p7Ctm9pmzXBWaWmKsr dist/assets
added QmY5wYm2rQj5udPRcevze4UUebehayFK2fu1KExf8oWo7Q dist
added QmQp4QNnkuHdRZ4QrRSeHuTFgSxgFu2Ghm7AwEXjNsJdfP dist/404.html
added QmP8CqZEt5kyquwhGqKxFKkgqjNJUEVpJvL1aTAdtLGSLU dist/assets/app.CRdjJ1V6.js
added QmUVcBVTt57os4C1gKyaKEVDvr7ERTboTVHZ3FBPyRk9jG dist/assets/chunks/framework.Cthp9TdA.js
added QmeKmRseyCAM1XTRdppQm3iJaYnxT6TpFnwvGfHLGgejeL dist/assets/chunks/theme.CRCubwaT.js
added QmcqGFHZKH9yfPDK72PQaiVny8hhX3NJnXAUeWMU4QHQoT dist/assets/docs_index.md.CP3jNpvi.js
added QmXUf5KbDxFYQTnnNkGYPST36GKNnxZwChWqLDaqVcZgUA dist/assets/docs_index.md.CP3jNpvi.lean.js
added QmZcHZAjgoB2pUVxKSjk4Hjd5p8pcWmT187RLjvzEzpFE4 dist/assets/index.md.Deia2LJx.js
added QmRPc4ACr7hroab91N6paLxdsMr54oKtuPeEGkpBLoomc4 dist/assets/index.md.Deia2LJx.lean.js
added QmccwemGH83Z4hz9f4DkqiuPQtHrWLshgjnJhbQc363ENm dist/assets/inter-italic-cyrillic-ext.r48I6akx.woff2
added Qme1ctiTYexwTyVXStP7ABVr2oaZW8jsNVR23GkNV4qBq5 dist/assets/inter-italic-cyrillic.By2_1cv3.woff2
added Qmf7hd285GUHYcca1QU1BaPkVVDQBidPaHfgiVXSsW9YFM dist/assets/inter-italic-greek-ext.1u6EdAuj.woff2
added QmYszKUiNptksAaR8hYDJ5rDAqNQWgur9WLjxh43mDqThS dist/assets/inter-italic-greek.DJ8dCoTZ.woff2
added QmWcZ8vpsEoByFEU13xB887yviHBHWJJvsFCdnSJrvTTfz dist/assets/inter-italic-latin-ext.CN1xVJS-.woff2
added QmTdzmnKcb33E1aAsJiAhM2qLdT9hHVCf3K7UFCoVBVgEi dist/assets/inter-italic-latin.C2AdPX0b.woff2
added QmYkoQCHnQkNRu6aNWSbezXm5mEYpg3arcgqv1uirk8eBe dist/assets/inter-italic-vietnamese.BSbpV94h.woff2
added QmXDTvtLtXMTUcJkaPwAKntayR5JAPb473Go7pAfmDxoeA dist/assets/inter-roman-cyrillic-ext.BBPuwvHQ.woff2
added QmdauABXsRXhGRC1aqUWvUMSg8b6onXTvRqpasTDyUeZvT dist/assets/inter-roman-cyrillic.C5lxZ8CY.woff2
added QmQfWo2SQhCTRkMpVccTxZhA4zB7CFRJoLGjXM8yFn5r6o dist/assets/inter-roman-greek-ext.CqjqNYQ-.woff2
added QmeRaH7yNyPzbHFVcKyfwDXEEMVshRp9iDRjY3J2kKFARt dist/assets/inter-roman-greek.BBVDIX6e.woff2
added QmP9hihN1R8XRBN23ZVBCqMJWzbCmX1NdxxatvsTME1VmM dist/assets/inter-roman-latin-ext.4ZJIpNVo.woff2
added QmWr2VyeosKaisyyh7QYwf8rqffPArMeX73zPq42tYGG3n dist/assets/inter-roman-latin.Di8DUHzh.woff2
added QmeihT6Si5D3pMZJvzYaYZQ7Q1qAbC6aujSdEaop2SgdJj dist/assets/inter-roman-vietnamese.BjW4sHH5.woff2
added QmRzj45p43yJZheJSMYG9R9iWMVpBWH9QWduCaNh74BGGP dist/assets/style.DGOls4H2.css
added Qme4SPMnMKx5C4ZbhjvcsX8hGTEayTpvgyZDxSFBbNEMUN dist/docs/index.html
added QmcgYkYmuNZCr1SMdk7sjhXy7dMu2wRkNVmUKzBxMokePs dist/hashmap.json
added QmZHyyckkjanxiDcHW3dSBWGcEUT2p3A8vRcwfBaHcxH6P dist/index.html
added QmbFMke1KXqnYyBBWxB74N4c5SBnJMVAiMNRcGu6x1AwQH dist/vp-icons.css
added QmUGG6CqZdMSZuWYvaXygNCrwmoeb4crkMZbg1bU72K7LF dist/assets/chunks
added QmZbssitoRzi83mg4PWt7ZpCcVQ7FaUhkkhNJs8nbu3Z6Z dist/assets
added QmYdqBEfRj6XML1Z9U4bBU3eNoSxVTv3DGuiy4XuhtaVxE dist/docs
added QmVMVseBCKbEYYpKDtjkJx7By9wD2LkpEb5pbxjkNV3hUb dist
added QmX9PMemuvagWeptfzS5We1MsiYyKJv35MXiuSCs7n1tXg dist/404.html
added QmZ7CsdCZLHQ1Fa6QaLejyWxPMbgM1grbmE7EPvpyFC38T dist/assets/app.C8DsJI56.js
added QmXgjBXVYiAq5ZVv2SrtYGkeiwB36CTR6ktvHBfbqF7L1a dist/assets/chunks/framework.D8iJ1yzG.js
added QmWjdY3wCfmYqRAKoN3uSooSFskJvK5mdvm3rWCzUiBGgV dist/assets/chunks/theme.Bda5x6Tz.js
added QmaF5ps35WqfCypffFMaHNRoBEM3z4hbWuWvmtc9HFDPr5 dist/assets/index.md.-pg6Ua2E.js
added QmaF5ps35WqfCypffFMaHNRoBEM3z4hbWuWvmtc9HFDPr5 dist/assets/index.md.-pg6Ua2E.lean.js
added QmccwemGH83Z4hz9f4DkqiuPQtHrWLshgjnJhbQc363ENm dist/assets/inter-italic-cyrillic-ext.r48I6akx.woff2
added Qme1ctiTYexwTyVXStP7ABVr2oaZW8jsNVR23GkNV4qBq5 dist/assets/inter-italic-cyrillic.By2_1cv3.woff2
added Qmf7hd285GUHYcca1QU1BaPkVVDQBidPaHfgiVXSsW9YFM dist/assets/inter-italic-greek-ext.1u6EdAuj.woff2
added QmYszKUiNptksAaR8hYDJ5rDAqNQWgur9WLjxh43mDqThS dist/assets/inter-italic-greek.DJ8dCoTZ.woff2
added QmWcZ8vpsEoByFEU13xB887yviHBHWJJvsFCdnSJrvTTfz dist/assets/inter-italic-latin-ext.CN1xVJS-.woff2
added QmTdzmnKcb33E1aAsJiAhM2qLdT9hHVCf3K7UFCoVBVgEi dist/assets/inter-italic-latin.C2AdPX0b.woff2
added QmYkoQCHnQkNRu6aNWSbezXm5mEYpg3arcgqv1uirk8eBe dist/assets/inter-italic-vietnamese.BSbpV94h.woff2
added QmXDTvtLtXMTUcJkaPwAKntayR5JAPb473Go7pAfmDxoeA dist/assets/inter-roman-cyrillic-ext.BBPuwvHQ.woff2
added QmdauABXsRXhGRC1aqUWvUMSg8b6onXTvRqpasTDyUeZvT dist/assets/inter-roman-cyrillic.C5lxZ8CY.woff2
added QmQfWo2SQhCTRkMpVccTxZhA4zB7CFRJoLGjXM8yFn5r6o dist/assets/inter-roman-greek-ext.CqjqNYQ-.woff2
added QmeRaH7yNyPzbHFVcKyfwDXEEMVshRp9iDRjY3J2kKFARt dist/assets/inter-roman-greek.BBVDIX6e.woff2
added QmP9hihN1R8XRBN23ZVBCqMJWzbCmX1NdxxatvsTME1VmM dist/assets/inter-roman-latin-ext.4ZJIpNVo.woff2
added QmWr2VyeosKaisyyh7QYwf8rqffPArMeX73zPq42tYGG3n dist/assets/inter-roman-latin.Di8DUHzh.woff2
added QmeihT6Si5D3pMZJvzYaYZQ7Q1qAbC6aujSdEaop2SgdJj dist/assets/inter-roman-vietnamese.BjW4sHH5.woff2
added QmRzj45p43yJZheJSMYG9R9iWMVpBWH9QWduCaNh74BGGP dist/assets/style.DGOls4H2.css
added QmNcCGnQRtgfFsCtB7hucrtmHRoXpiC3PZzcE8L5sMryyc dist/hashmap.json
added QmYuA6m9nFhUDKuisjUfgZJzYM3w6krcomvJjNvTraCZUc dist/index.html
added QmbFMke1KXqnYyBBWxB74N4c5SBnJMVAiMNRcGu6x1AwQH dist/vp-icons.css
added QmYo4ZpViNG23jpwgVU1XjLaB5nYhh6yHjyobWkaK71LNd dist/assets/chunks
added QmRDKdUw4bmthNYVddrkEQEGYPptyP9RoY6KvpNmgQJ1mH dist/assets
added QmT6ETGM6m2sA2D6pSkcGB5K7Ln6LWLDTJgwjM87UUXYY7 dist
added QmeXY3gMwYvUHsJkL11GBCq3qyB8PmRhWvnnsbLqs8GdDt dist/404.html
added QmQJALo1KatXbUQ9qvEHoH5rm7EiraQyMtnTaG96x81NSg dist/assets/app.Dlm5p1MG.js
added QmXgjBXVYiAq5ZVv2SrtYGkeiwB36CTR6ktvHBfbqF7L1a dist/assets/chunks/framework.D8iJ1yzG.js
added QmYd98iGFimVhsZ9Vv2SPu9R79HFMNdhacfbzHjrZijepc dist/assets/chunks/theme.rV6-Xftb.js
added QmZQKbysB1zQRMcmCT2f4Kag9JXFxN7vg1rmsuWfQ3jr1c dist/assets/index.md.sre_i2DQ.js
added QmZQKbysB1zQRMcmCT2f4Kag9JXFxN7vg1rmsuWfQ3jr1c dist/assets/index.md.sre_i2DQ.lean.js
added QmccwemGH83Z4hz9f4DkqiuPQtHrWLshgjnJhbQc363ENm dist/assets/inter-italic-cyrillic-ext.r48I6akx.woff2
added Qme1ctiTYexwTyVXStP7ABVr2oaZW8jsNVR23GkNV4qBq5 dist/assets/inter-italic-cyrillic.By2_1cv3.woff2
added Qmf7hd285GUHYcca1QU1BaPkVVDQBidPaHfgiVXSsW9YFM dist/assets/inter-italic-greek-ext.1u6EdAuj.woff2
added QmYszKUiNptksAaR8hYDJ5rDAqNQWgur9WLjxh43mDqThS dist/assets/inter-italic-greek.DJ8dCoTZ.woff2
added QmWcZ8vpsEoByFEU13xB887yviHBHWJJvsFCdnSJrvTTfz dist/assets/inter-italic-latin-ext.CN1xVJS-.woff2
added QmTdzmnKcb33E1aAsJiAhM2qLdT9hHVCf3K7UFCoVBVgEi dist/assets/inter-italic-latin.C2AdPX0b.woff2
added QmYkoQCHnQkNRu6aNWSbezXm5mEYpg3arcgqv1uirk8eBe dist/assets/inter-italic-vietnamese.BSbpV94h.woff2
added QmXDTvtLtXMTUcJkaPwAKntayR5JAPb473Go7pAfmDxoeA dist/assets/inter-roman-cyrillic-ext.BBPuwvHQ.woff2
added QmdauABXsRXhGRC1aqUWvUMSg8b6onXTvRqpasTDyUeZvT dist/assets/inter-roman-cyrillic.C5lxZ8CY.woff2
added QmQfWo2SQhCTRkMpVccTxZhA4zB7CFRJoLGjXM8yFn5r6o dist/assets/inter-roman-greek-ext.CqjqNYQ-.woff2
added QmeRaH7yNyPzbHFVcKyfwDXEEMVshRp9iDRjY3J2kKFARt dist/assets/inter-roman-greek.BBVDIX6e.woff2
added QmP9hihN1R8XRBN23ZVBCqMJWzbCmX1NdxxatvsTME1VmM dist/assets/inter-roman-latin-ext.4ZJIpNVo.woff2
added QmWr2VyeosKaisyyh7QYwf8rqffPArMeX73zPq42tYGG3n dist/assets/inter-roman-latin.Di8DUHzh.woff2
added QmeihT6Si5D3pMZJvzYaYZQ7Q1qAbC6aujSdEaop2SgdJj dist/assets/inter-roman-vietnamese.BjW4sHH5.woff2
added QmRzj45p43yJZheJSMYG9R9iWMVpBWH9QWduCaNh74BGGP dist/assets/style.DGOls4H2.css
added QmU4BXGRqe21KaKyEq7bwRQLe7iVLHiMnDkrdD2e4fLd8F dist/hashmap.json
added QmRaimUSYjHwyQn3PeQ5NEMsktK6cQVnT51wJZ9YHZvcX3 dist/index.html
added QmbFMke1KXqnYyBBWxB74N4c5SBnJMVAiMNRcGu6x1AwQH dist/vp-icons.css
added QmVBUokS1q2Ph4iXLjsepXZJqBQ36ADnHJvSoiB4YHo8oC dist/assets/chunks
added QmP8rho9U1CnEuEAy6DfLGmgHhym5dkDCLSVXsA2eJ2jYP dist/assets
added QmfMuKUsAC7sWX92sMzbp1XPhNr863vtommGgsSCcJGzTU dist
