2025-05-17T08:24:04.991750 :: HEALTH_CHECK_COMPLETE
2025-05-17T08:24:04.994213 :: EXEC_CYCLE_INITIATED
2025-05-17T08:24:41.072621 :: HEALTH_CHECK_COMPLETE
2025-05-17T08:24:41.074400 :: EXEC_CYCLE_INITIATED
2025-05-17T08:25:30.491094 :: HEALTH_CHECK_COMPLETE
2025-05-17T08:25:30.492670 :: EXEC_CYCLE_INITIATED
2025-05-17T08:25:30.769509 :: DNS/IPFS_SYNC_COMPLETE
2025-05-17T08:25:37.664345 :: CIVIC_SYNC_PINGED
2025-05-17T08:25:37.681951 :: TOPOLOGY_MONITOR_COMPLETE
2025-05-17T08:25:38.322679 :: FULL_BACKUP_COMPLETE
2025-05-17T08:25:38.325290 :: EPOCH_SIGNATURE_ROTATED
2025-05-17T08:25:38.343610 :: ANOMALY_CHECK_COMPLETE
2025-05-17T08:34:49.206735 :: HEALTH_CHECK_COMPLETE
2025-05-17T08:34:49.209153 :: EXEC_CYCLE_INITIATED
2025-05-17T08:34:50.091597 :: DNS/IPFS_SYNC_COMPLETE
2025-05-17T08:34:57.807756 :: CIVIC_SYNC_PINGED
2025-05-17T08:34:57.810397 :: TOPOLOGY_MONITOR_COMPLETE
2025-05-17T08:34:58.343789 :: FULL_BACKUP_COMPLETE
2025-05-17T08:34:58.346099 :: EPOCH_SIGNATURE_ROTATED
2025-05-17T08:34:58.373058 :: ANOMALY_CHECK_COMPLETE
2025-05-17T09:25:39.698665 :: HEALTH_CHECK_COMPLETE
2025-05-17T09:25:39.700671 :: EXEC_CYCLE_INITIATED
2025-05-17T09:25:41.693505 :: DNS/IPFS_SYNC_COMPLETE
2025-05-17T09:25:43.773302 :: CIVIC_SYNC_PINGED
2025-05-17T09:25:43.784240 :: TOPOLOGY_MONITOR_COMPLETE
2025-05-17T09:25:45.193571 :: FULL_BACKUP_COMPLETE
2025-05-17T09:25:45.200031 :: EPOCH_SIGNATURE_ROTATED
2025-05-17T09:25:45.220347 :: ANOMALY_CHECK_COMPLETE
2025-05-17T09:34:58.703555 :: HEALTH_CHECK_COMPLETE
2025-05-17T09:34:58.705431 :: EXEC_CYCLE_INITIATED
2025-05-17T09:34:59.090091 :: DNS/IPFS_SYNC_COMPLETE
2025-05-17T09:34:59.577548 :: CIVIC_SYNC_PINGED
2025-05-17T09:34:59.580150 :: TOPOLOGY_MONITOR_COMPLETE
2025-05-17T09:34:59.738677 :: FULL_BACKUP_COMPLETE
2025-05-17T09:34:59.742548 :: EPOCH_SIGNATURE_ROTATED
2025-05-17T09:34:59.772428 :: ANOMALY_CHECK_COMPLETE
2025-05-17T10:25:45.471868 :: HEALTH_CHECK_COMPLETE
2025-05-17T10:25:45.473416 :: EXEC_CYCLE_INITIATED
2025-05-17T10:25:45.869891 :: DNS/IPFS_SYNC_COMPLETE
2025-05-17T10:25:46.357708 :: CIVIC_SYNC_PINGED
2025-05-17T10:25:46.364510 :: TOPOLOGY_MONITOR_COMPLETE
2025-05-17T10:25:46.899615 :: FULL_BACKUP_COMPLETE
2025-05-17T10:25:46.904829 :: EPOCH_SIGNATURE_ROTATED
2025-05-17T10:25:46.931659 :: ANOMALY_CHECK_COMPLETE
2025-05-17T10:34:59.922061 :: HEALTH_CHECK_COMPLETE
2025-05-17T10:34:59.924064 :: EXEC_CYCLE_INITIATED
2025-05-17T10:35:00.142657 :: DNS/IPFS_SYNC_COMPLETE
2025-05-17T10:35:00.491440 :: CIVIC_SYNC_PINGED
2025-05-17T10:35:00.493841 :: TOPOLOGY_MONITOR_COMPLETE
2025-05-17T10:35:00.682051 :: FULL_BACKUP_COMPLETE
2025-05-17T10:35:00.686036 :: EPOCH_SIGNATURE_ROTATED
2025-05-17T10:35:00.719327 :: ANOMALY_CHECK_COMPLETE
2025-05-17T11:25:47.281302 :: HEALTH_CHECK_COMPLETE
2025-05-17T11:25:47.283254 :: EXEC_CYCLE_INITIATED
2025-05-17T11:25:49.948508 :: DNS/IPFS_SYNC_COMPLETE
2025-05-17T11:25:50.643499 :: CIVIC_SYNC_PINGED
2025-05-17T11:25:50.659892 :: TOPOLOGY_MONITOR_COMPLETE
2025-05-17T11:25:56.475031 :: FULL_BACKUP_COMPLETE
2025-05-17T11:25:56.477973 :: EPOCH_SIGNATURE_ROTATED
2025-05-17T11:25:56.503654 :: ANOMALY_CHECK_COMPLETE
2025-05-17T11:35:00.925684 :: HEALTH_CHECK_COMPLETE
2025-05-17T11:35:00.933095 :: EXEC_CYCLE_INITIATED
2025-05-17T11:35:01.387323 :: DNS/IPFS_SYNC_COMPLETE
2025-05-17T11:35:03.303746 :: CIVIC_SYNC_PINGED
2025-05-17T11:35:03.345185 :: TOPOLOGY_MONITOR_COMPLETE
2025-05-17T11:35:04.532229 :: FULL_BACKUP_COMPLETE
2025-05-17T11:35:04.538921 :: EPOCH_SIGNATURE_ROTATED
2025-05-17T11:35:04.557846 :: ANOMALY_CHECK_COMPLETE
2025-05-18T10:24:51.639486 :: HEALTH_CHECK_COMPLETE
2025-05-18T10:24:51.641421 :: EXEC_CYCLE_INITIATED
2025-05-18T10:24:54.262547 :: DNS/IPFS_SYNC_COMPLETE
2025-05-18T10:25:01.926041 :: CIVIC_SYNC_PINGED
2025-05-18T10:25:01.930108 :: TOPOLOGY_MONITOR_COMPLETE
2025-05-18T10:25:02.316419 :: FULL_BACKUP_COMPLETE
2025-05-18T10:25:02.330056 :: EPOCH_SIGNATURE_ROTATED
2025-05-18T10:25:02.354663 :: ANOMALY_CHECK_COMPLETE
2025-05-18T10:36:53.081588 :: HEALTH_CHECK_COMPLETE
2025-05-18T10:36:53.083180 :: EXEC_CYCLE_INITIATED
2025-05-18T10:36:53.910799 :: DNS/IPFS_SYNC_COMPLETE
2025-05-18T10:36:57.535580 :: CIVIC_SYNC_PINGED
2025-05-18T10:36:57.537074 :: TOPOLOGY_MONITOR_COMPLETE
2025-05-18T10:36:57.755570 :: FULL_BACKUP_COMPLETE
2025-05-18T10:36:57.759083 :: EPOCH_SIGNATURE_ROTATED
2025-05-18T10:36:57.776044 :: ANOMALY_CHECK_COMPLETE
2025-05-18T11:25:02.676872 :: HEALTH_CHECK_COMPLETE
2025-05-18T11:25:02.678534 :: EXEC_CYCLE_INITIATED
2025-05-18T11:25:04.764954 :: DNS/IPFS_SYNC_COMPLETE
2025-05-18T11:25:05.490243 :: CIVIC_SYNC_PINGED
2025-05-18T11:25:05.491864 :: TOPOLOGY_MONITOR_COMPLETE
2025-05-18T11:25:05.779060 :: FULL_BACKUP_COMPLETE
2025-05-18T11:25:05.797919 :: EPOCH_SIGNATURE_ROTATED
2025-05-18T11:25:05.823101 :: ANOMALY_CHECK_COMPLETE
2025-05-18T11:36:57.950550 :: HEALTH_CHECK_COMPLETE
2025-05-18T11:36:57.951885 :: EXEC_CYCLE_INITIATED
2025-05-18T11:36:58.360796 :: DNS/IPFS_SYNC_COMPLETE
2025-05-18T11:36:59.002849 :: CIVIC_SYNC_PINGED
2025-05-18T11:36:59.005201 :: TOPOLOGY_MONITOR_COMPLETE
2025-05-18T11:36:59.112396 :: FULL_BACKUP_COMPLETE
2025-05-18T11:36:59.115341 :: EPOCH_SIGNATURE_ROTATED
2025-05-18T11:36:59.128276 :: ANOMALY_CHECK_COMPLETE
2025-05-18T12:25:06.076048 :: HEALTH_CHECK_COMPLETE
2025-05-18T12:25:06.078507 :: EXEC_CYCLE_INITIATED
2025-05-18T12:25:07.471580 :: DNS/IPFS_SYNC_COMPLETE
2025-05-18T12:25:08.152008 :: CIVIC_SYNC_PINGED
2025-05-18T12:25:08.153889 :: TOPOLOGY_MONITOR_COMPLETE
2025-05-18T12:25:08.279729 :: FULL_BACKUP_COMPLETE
2025-05-18T12:25:08.283300 :: EPOCH_SIGNATURE_ROTATED
2025-05-18T12:25:08.300834 :: ANOMALY_CHECK_COMPLETE
2025-05-18T12:36:59.228310 :: HEALTH_CHECK_COMPLETE
2025-05-18T12:36:59.229300 :: EXEC_CYCLE_INITIATED
2025-05-18T12:36:59.524436 :: DNS/IPFS_SYNC_COMPLETE
2025-05-18T12:37:00.203166 :: CIVIC_SYNC_PINGED
2025-05-18T12:37:00.204587 :: TOPOLOGY_MONITOR_COMPLETE
2025-05-18T12:37:00.324715 :: FULL_BACKUP_COMPLETE
2025-05-18T12:37:00.328845 :: EPOCH_SIGNATURE_ROTATED
2025-05-18T12:37:00.347722 :: ANOMALY_CHECK_COMPLETE
2025-05-18T13:25:08.450176 :: HEALTH_CHECK_COMPLETE
2025-05-18T13:25:08.451544 :: EXEC_CYCLE_INITIATED
2025-05-18T13:25:08.834491 :: DNS/IPFS_SYNC_COMPLETE
2025-05-18T13:25:09.498305 :: CIVIC_SYNC_PINGED
2025-05-18T13:25:09.499845 :: TOPOLOGY_MONITOR_COMPLETE
2025-05-18T13:25:09.633353 :: FULL_BACKUP_COMPLETE
2025-05-18T13:25:09.637468 :: EPOCH_SIGNATURE_ROTATED
2025-05-18T13:25:09.655682 :: ANOMALY_CHECK_COMPLETE
2025-05-18T13:37:00.445689 :: HEALTH_CHECK_COMPLETE
2025-05-18T13:37:00.446414 :: EXEC_CYCLE_INITIATED
2025-05-18T13:37:00.707816 :: DNS/IPFS_SYNC_COMPLETE
2025-05-18T13:37:01.435184 :: CIVIC_SYNC_PINGED
2025-05-18T13:37:01.517821 :: TOPOLOGY_MONITOR_COMPLETE
2025-05-18T13:37:01.720834 :: FULL_BACKUP_COMPLETE
2025-05-18T13:37:01.724566 :: EPOCH_SIGNATURE_ROTATED
2025-05-18T13:37:01.748363 :: ANOMALY_CHECK_COMPLETE
2025-05-18T14:25:09.773463 :: HEALTH_CHECK_COMPLETE
2025-05-18T14:25:09.774154 :: EXEC_CYCLE_INITIATED
2025-05-18T14:25:09.984840 :: DNS/IPFS_SYNC_COMPLETE
2025-05-18T14:25:10.859505 :: CIVIC_SYNC_PINGED
2025-05-18T14:25:10.860627 :: TOPOLOGY_MONITOR_COMPLETE
2025-05-18T14:25:10.970419 :: FULL_BACKUP_COMPLETE
2025-05-18T14:25:10.973587 :: EPOCH_SIGNATURE_ROTATED
2025-05-18T14:25:10.986411 :: ANOMALY_CHECK_COMPLETE
2025-05-18T14:37:02.117987 :: HEALTH_CHECK_COMPLETE
2025-05-18T14:37:02.119733 :: EXEC_CYCLE_INITIATED
2025-05-18T14:37:02.720230 :: DNS/IPFS_SYNC_COMPLETE
2025-05-18T14:37:03.378886 :: CIVIC_SYNC_PINGED
2025-05-18T14:37:03.382460 :: TOPOLOGY_MONITOR_COMPLETE
2025-05-18T14:37:03.582007 :: FULL_BACKUP_COMPLETE
2025-05-18T14:37:03.589094 :: EPOCH_SIGNATURE_ROTATED
2025-05-18T14:37:03.613416 :: ANOMALY_CHECK_COMPLETE
2025-05-18T15:25:11.109964 :: HEALTH_CHECK_COMPLETE
2025-05-18T15:25:11.111046 :: EXEC_CYCLE_INITIATED
2025-05-18T15:25:11.465490 :: DNS/IPFS_SYNC_COMPLETE
2025-05-18T15:25:12.051630 :: CIVIC_SYNC_PINGED
2025-05-18T15:25:12.054056 :: TOPOLOGY_MONITOR_COMPLETE
2025-05-18T15:25:12.202503 :: FULL_BACKUP_COMPLETE
2025-05-18T15:25:12.206367 :: EPOCH_SIGNATURE_ROTATED
2025-05-18T15:25:12.220838 :: ANOMALY_CHECK_COMPLETE
2025-05-18T15:37:03.711583 :: HEALTH_CHECK_COMPLETE
2025-05-18T15:37:03.712332 :: EXEC_CYCLE_INITIATED
2025-05-18T15:37:03.976980 :: DNS/IPFS_SYNC_COMPLETE
2025-05-18T15:37:04.499236 :: CIVIC_SYNC_PINGED
2025-05-18T15:37:04.500708 :: TOPOLOGY_MONITOR_COMPLETE
2025-05-18T15:37:04.622992 :: FULL_BACKUP_COMPLETE
2025-05-18T15:37:04.626408 :: EPOCH_SIGNATURE_ROTATED
2025-05-18T15:37:04.643869 :: ANOMALY_CHECK_COMPLETE
2025-05-18T16:25:12.345286 :: HEALTH_CHECK_COMPLETE
2025-05-18T16:25:12.346150 :: EXEC_CYCLE_INITIATED
2025-05-18T16:25:12.666201 :: DNS/IPFS_SYNC_COMPLETE
2025-05-18T16:25:13.219013 :: CIVIC_SYNC_PINGED
2025-05-18T16:25:13.221041 :: TOPOLOGY_MONITOR_COMPLETE
2025-05-18T16:25:13.330981 :: FULL_BACKUP_COMPLETE
2025-05-18T16:25:13.333812 :: EPOCH_SIGNATURE_ROTATED
2025-05-18T16:25:13.346628 :: ANOMALY_CHECK_COMPLETE
2025-05-18T16:37:04.867245 :: HEALTH_CHECK_COMPLETE
2025-05-18T16:37:04.868360 :: EXEC_CYCLE_INITIATED
2025-05-18T16:37:05.364607 :: DNS/IPFS_SYNC_COMPLETE
2025-05-18T16:37:06.000327 :: CIVIC_SYNC_PINGED
2025-05-18T16:37:06.002471 :: TOPOLOGY_MONITOR_COMPLETE
2025-05-18T16:37:06.348117 :: FULL_BACKUP_COMPLETE
2025-05-18T16:37:06.353811 :: EPOCH_SIGNATURE_ROTATED
2025-05-18T16:37:06.381692 :: ANOMALY_CHECK_COMPLETE
2025-05-18T17:25:13.580682 :: HEALTH_CHECK_COMPLETE
2025-05-18T17:25:13.582842 :: EXEC_CYCLE_INITIATED
2025-05-18T17:25:14.159092 :: DNS/IPFS_SYNC_COMPLETE
2025-05-18T17:25:14.935776 :: CIVIC_SYNC_PINGED
2025-05-18T17:25:14.937851 :: TOPOLOGY_MONITOR_COMPLETE
2025-05-18T17:25:15.095426 :: FULL_BACKUP_COMPLETE
2025-05-18T17:25:15.102193 :: EPOCH_SIGNATURE_ROTATED
2025-05-18T17:25:15.123107 :: ANOMALY_CHECK_COMPLETE
2025-05-18T17:37:06.550852 :: HEALTH_CHECK_COMPLETE
2025-05-18T17:37:06.552075 :: EXEC_CYCLE_INITIATED
2025-05-18T17:37:06.967883 :: DNS/IPFS_SYNC_COMPLETE
2025-05-18T17:37:07.657686 :: CIVIC_SYNC_PINGED
2025-05-18T17:37:07.659401 :: TOPOLOGY_MONITOR_COMPLETE
2025-05-18T17:37:07.825458 :: FULL_BACKUP_COMPLETE
2025-05-18T17:37:07.829258 :: EPOCH_SIGNATURE_ROTATED
2025-05-18T17:37:07.848084 :: ANOMALY_CHECK_COMPLETE
2025-05-18T18:25:15.217413 :: HEALTH_CHECK_COMPLETE
2025-05-18T18:25:15.218402 :: EXEC_CYCLE_INITIATED
2025-05-18T18:25:15.447509 :: DNS/IPFS_SYNC_COMPLETE
2025-05-18T18:25:16.204780 :: CIVIC_SYNC_PINGED
2025-05-18T18:25:16.206409 :: TOPOLOGY_MONITOR_COMPLETE
2025-05-18T18:25:16.304985 :: FULL_BACKUP_COMPLETE
2025-05-18T18:25:16.307542 :: EPOCH_SIGNATURE_ROTATED
2025-05-18T18:25:16.319640 :: ANOMALY_CHECK_COMPLETE
2025-05-18T18:37:07.987337 :: HEALTH_CHECK_COMPLETE
2025-05-18T18:37:07.988515 :: EXEC_CYCLE_INITIATED
2025-05-18T18:37:08.292614 :: DNS/IPFS_SYNC_COMPLETE
2025-05-18T18:37:08.964382 :: CIVIC_SYNC_PINGED
2025-05-18T18:37:08.968588 :: TOPOLOGY_MONITOR_COMPLETE
2025-05-18T18:37:09.171013 :: FULL_BACKUP_COMPLETE
2025-05-18T18:37:09.176015 :: EPOCH_SIGNATURE_ROTATED
2025-05-18T18:37:09.201074 :: ANOMALY_CHECK_COMPLETE
2025-05-18T19:25:16.539566 :: HEALTH_CHECK_COMPLETE
2025-05-18T19:25:16.541182 :: EXEC_CYCLE_INITIATED
2025-05-18T19:25:17.165661 :: DNS/IPFS_SYNC_COMPLETE
2025-05-18T19:25:17.883826 :: CIVIC_SYNC_PINGED
2025-05-18T19:25:17.886225 :: TOPOLOGY_MONITOR_COMPLETE
2025-05-18T19:25:18.133243 :: FULL_BACKUP_COMPLETE
2025-05-18T19:25:18.138239 :: EPOCH_SIGNATURE_ROTATED
2025-05-18T19:25:18.158238 :: ANOMALY_CHECK_COMPLETE
2025-05-18T19:37:09.344061 :: HEALTH_CHECK_COMPLETE
2025-05-18T19:37:09.345432 :: EXEC_CYCLE_INITIATED
2025-05-18T19:37:09.540896 :: DNS/IPFS_SYNC_COMPLETE
2025-05-18T19:37:10.123057 :: CIVIC_SYNC_PINGED
2025-05-18T19:37:10.125412 :: TOPOLOGY_MONITOR_COMPLETE
2025-05-18T19:37:10.264819 :: FULL_BACKUP_COMPLETE
2025-05-18T19:37:10.267968 :: EPOCH_SIGNATURE_ROTATED
2025-05-18T19:37:10.285275 :: ANOMALY_CHECK_COMPLETE
2025-05-18T20:25:22.569078 :: HEALTH_CHECK_COMPLETE
2025-05-18T20:25:22.570669 :: EXEC_CYCLE_INITIATED
2025-05-18T20:25:46.959712 :: DNS/IPFS_SYNC_COMPLETE
2025-05-18T20:25:49.889729 :: CIVIC_SYNC_PINGED
2025-05-18T20:25:49.894270 :: TOPOLOGY_MONITOR_COMPLETE
2025-05-18T20:26:03.267000 :: FULL_BACKUP_COMPLETE
2025-05-18T20:26:03.312749 :: EPOCH_SIGNATURE_ROTATED
2025-05-18T20:26:03.343169 :: ANOMALY_CHECK_COMPLETE
2025-05-18T20:37:11.091229 :: HEALTH_CHECK_COMPLETE
2025-05-18T20:37:11.093852 :: EXEC_CYCLE_INITIATED
2025-05-18T20:37:11.857195 :: DNS/IPFS_SYNC_COMPLETE
2025-05-18T20:37:12.639076 :: CIVIC_SYNC_PINGED
2025-05-18T20:37:12.646600 :: TOPOLOGY_MONITOR_COMPLETE
2025-05-18T20:37:13.161540 :: FULL_BACKUP_COMPLETE
2025-05-18T20:37:13.167004 :: EPOCH_SIGNATURE_ROTATED
2025-05-18T20:37:13.192911 :: ANOMALY_CHECK_COMPLETE
2025-05-18T21:26:03.629502 :: HEALTH_CHECK_COMPLETE
2025-05-18T21:26:03.631098 :: EXEC_CYCLE_INITIATED
2025-05-18T21:26:04.204750 :: DNS/IPFS_SYNC_COMPLETE
2025-05-18T21:26:04.848059 :: CIVIC_SYNC_PINGED
2025-05-18T21:26:04.850705 :: TOPOLOGY_MONITOR_COMPLETE
2025-05-18T21:26:05.012445 :: FULL_BACKUP_COMPLETE
2025-05-18T21:26:05.017647 :: EPOCH_SIGNATURE_ROTATED
2025-05-18T21:26:05.039332 :: ANOMALY_CHECK_COMPLETE
2025-05-18T21:37:13.304731 :: HEALTH_CHECK_COMPLETE
2025-05-18T21:37:13.305984 :: EXEC_CYCLE_INITIATED
2025-05-18T21:37:13.492039 :: DNS/IPFS_SYNC_COMPLETE
2025-05-18T21:37:14.024340 :: CIVIC_SYNC_PINGED
2025-05-18T21:37:14.025976 :: TOPOLOGY_MONITOR_COMPLETE
2025-05-18T21:37:14.160916 :: FULL_BACKUP_COMPLETE
2025-05-18T21:37:14.166069 :: EPOCH_SIGNATURE_ROTATED
2025-05-18T21:37:14.184546 :: ANOMALY_CHECK_COMPLETE
2025-05-18T22:26:09.300232 :: HEALTH_CHECK_COMPLETE
2025-05-18T22:26:09.303241 :: EXEC_CYCLE_INITIATED
2025-05-18T22:26:13.894279 :: DNS/IPFS_SYNC_COMPLETE
2025-05-18T22:26:15.166023 :: CIVIC_SYNC_PINGED
2025-05-18T22:26:15.227529 :: TOPOLOGY_MONITOR_COMPLETE
2025-05-18T22:26:18.115699 :: FULL_BACKUP_COMPLETE
2025-05-18T22:26:18.122659 :: EPOCH_SIGNATURE_ROTATED
2025-05-18T22:26:18.148367 :: ANOMALY_CHECK_COMPLETE
2025-05-18T22:29:44.244703 :: HEALTH_CHECK_COMPLETE
2025-05-18T22:29:44.246432 :: EXEC_CYCLE_INITIATED
2025-05-18T22:29:45.005140 :: DNS/IPFS_SYNC_COMPLETE
2025-05-18T22:29:45.820096 :: CIVIC_SYNC_PINGED
2025-05-18T22:29:45.837527 :: TOPOLOGY_MONITOR_COMPLETE
2025-05-18T22:29:46.241449 :: FULL_BACKUP_COMPLETE
2025-05-18T22:29:46.247460 :: EPOCH_SIGNATURE_ROTATED
2025-05-18T22:29:46.288773 :: ANOMALY_CHECK_COMPLETE
2025-05-18T22:37:14.584471 :: HEALTH_CHECK_COMPLETE
2025-05-18T22:37:14.585978 :: EXEC_CYCLE_INITIATED
2025-05-18T22:37:14.948369 :: DNS/IPFS_SYNC_COMPLETE
2025-05-18T22:37:15.775436 :: CIVIC_SYNC_PINGED
2025-05-18T22:37:15.783166 :: TOPOLOGY_MONITOR_COMPLETE
2025-05-18T22:37:17.542903 :: FULL_BACKUP_COMPLETE
2025-05-18T22:37:17.549531 :: EPOCH_SIGNATURE_ROTATED
2025-05-18T22:37:17.577159 :: ANOMALY_CHECK_COMPLETE
2025-05-18T23:26:18.382560 :: HEALTH_CHECK_COMPLETE
2025-05-18T23:26:18.384007 :: EXEC_CYCLE_INITIATED
2025-05-18T23:26:18.579568 :: DNS/IPFS_SYNC_COMPLETE
2025-05-18T23:26:19.160180 :: CIVIC_SYNC_PINGED
2025-05-18T23:26:19.161849 :: TOPOLOGY_MONITOR_COMPLETE
2025-05-18T23:26:19.323996 :: FULL_BACKUP_COMPLETE
2025-05-18T23:26:19.327710 :: EPOCH_SIGNATURE_ROTATED
2025-05-18T23:26:19.348939 :: ANOMALY_CHECK_COMPLETE
2025-05-18T23:29:46.769911 :: HEALTH_CHECK_COMPLETE
2025-05-18T23:29:46.772754 :: EXEC_CYCLE_INITIATED
2025-05-18T23:29:47.163663 :: DNS/IPFS_SYNC_COMPLETE
2025-05-18T23:29:47.810731 :: CIVIC_SYNC_PINGED
2025-05-18T23:29:47.815023 :: TOPOLOGY_MONITOR_COMPLETE
2025-05-18T23:29:48.093184 :: FULL_BACKUP_COMPLETE
2025-05-18T23:29:48.097482 :: EPOCH_SIGNATURE_ROTATED
2025-05-18T23:29:48.117671 :: ANOMALY_CHECK_COMPLETE
2025-05-18T23:37:19.000229 :: HEALTH_CHECK_COMPLETE
2025-05-18T23:37:19.002010 :: EXEC_CYCLE_INITIATED
2025-05-18T23:37:26.503574 :: DNS/IPFS_SYNC_COMPLETE
2025-05-18T23:37:27.836818 :: CIVIC_SYNC_PINGED
2025-05-18T23:37:27.863707 :: TOPOLOGY_MONITOR_COMPLETE
2025-05-18T23:37:28.632593 :: FULL_BACKUP_COMPLETE
2025-05-18T23:37:28.638669 :: EPOCH_SIGNATURE_ROTATED
2025-05-18T23:37:28.721561 :: ANOMALY_CHECK_COMPLETE
