ΣΩΩ.4.2:11411::MergedProofs::CID=
ΣΩΩ.5.0::FORK_START::11411
ΣΩΩ.5.0::FEDERATION_SYNC::All Relays Contacted::2025-05-18T22:13:35Z
SOO.5.0::FEDERATION_SYNC::All Relays Contacted::2025-05-18T22:13:50Z
ΣΩΩ.5.0::SYNC_CIVICDASH_UI::QmbkbEdLNCqGzsvvNChenBHZXz6jynCyBF6GPmXQqqU9Gg
ΣΩΩ.5.0::LOGIC_REPLICATION_SIGNAL→agent-ΣΩΩ.5.0-11411
ΣΩΩ.5.0::PROPAGATION_FORK::agent-11411→CivicDash,IKL,YCN,Node0,C-Station
ΣΩΩ.5.0::MESH_HEALTHCHECK::COMPLETE
ΣΩΩ.5.0::CID_REGISTRY_PUBLISHED::2025-05-18T20:40:26Z
ΣΩΩ.5.0::DNS_VERIFY::2025-05-19T04:31:32.203099Z::digital-fabrica.com:MISMATCH:dnslink=/ipns/k51qzi5uqu5di4rg14o1bm62h1yxfqsnp01qk56t950jkwsnkpixwmzhludx7x|digital-fabrica.com:NOT_FOUND|blog.digital-fabrica.com:FAIL:The DNS query name does not exist: _dnslink.blog.digital-fabrica.com.|civic.digital-fabrica.com:MISMATCH:dnslink=/ipfs/QmejmaAPs6qsRSLkckCaJQXuTxKL8pZEpf1oUw23NpBuWc|civic.digital-fabrica.com:NOT_FOUND|fabrics.digital-fabrica.com:FAIL:The DNS query name does not exist: _dnslink.fabrics.digital-fabrica.com.|whitepaper.digital-fabrica.com:FAIL:The DNS query name does not exist: _dnslink.whitepaper.digital-fabrica.com.|ip.digital-fabrica.com:MISMATCH:dnslink=/ipfs/QmXyEqin6hqUDDFNfk7BJi9GQedY3vQoh5S3YusmrW2kuj|ip.digital-fabrica.com:NOT_FOUND|qic.digital-fabrica.com:MISMATCH:dnslink=/ipfs/QmZwdBXho46sVH9wghv4aicX1iwvCVmezsHRcPFSDTSucL|qic.digital-fabrica.com:NOT_FOUND
ΣΩΩ.5.0::DNS_VERIFY::2025-05-19T05:54:35.467035Z::digital-fabrica.com:MISMATCH:dnslink=/ipns/k51qzi5uqu5di4rg14o1bm62h1yxfqsnp01qk56t950jkwsnkpixwmzhludx7x|digital-fabrica.com:NOT_FOUND|blog.digital-fabrica.com:FAIL:The DNS query name does not exist: _dnslink.blog.digital-fabrica.com.|civic.digital-fabrica.com:FAIL:The DNS query name does not exist: _dnslink.civic.digital-fabrica.com.|fabrics.digital-fabrica.com:FAIL:The DNS query name does not exist: _dnslink.fabrics.digital-fabrica.com.|whitepaper.digital-fabrica.com:FAIL:The DNS query name does not exist: _dnslink.whitepaper.digital-fabrica.com.|ip.digital-fabrica.com:MISMATCH:dnslink=/ipfs/QmXyEqin6hqUDDFNfk7BJi9GQedY3vQoh5S3YusmrW2kuj|ip.digital-fabrica.com:NOT_FOUND|qic.digital-fabrica.com:FAIL:The DNS query name does not exist: _dnslink.qic.digital-fabrica.com.
ΣΩΩ.5.0::DNS_VERIFY::2025-05-19T09:41:10.454845Z::digital-fabrica.com:MISMATCH:dnslink=/ipns/k51qzi5uqu5di4rg14o1bm62h1yxfqsnp01qk56t950jkwsnkpixwmzhludx7x|digital-fabrica.com:NOT_FOUND|blog.digital-fabrica.com:FAIL:The DNS query name does not exist: _dnslink.blog.digital-fabrica.com.|civic.digital-fabrica.com:FAIL:The DNS query name does not exist: _dnslink.civic.digital-fabrica.com.|fabrics.digital-fabrica.com:FAIL:The DNS query name does not exist: _dnslink.fabrics.digital-fabrica.com.|whitepaper.digital-fabrica.com:FAIL:The DNS query name does not exist: _dnslink.whitepaper.digital-fabrica.com.|ip.digital-fabrica.com:FAIL:The DNS query name does not exist: _dnslink.ip.digital-fabrica.com.|qic.digital-fabrica.com:FAIL:The DNS query name does not exist: _dnslink.qic.digital-fabrica.com.
ΣΩΩ.5.0::DNS_VERIFY::2025-05-19T10:01:11.289645Z::digital-fabrica.com:MISMATCH:dnslink=/ipns/k51qzi5uqu5di4rg14o1bm62h1yxfqsnp01qk56t950jkwsnkpixwmzhludx7x|digital-fabrica.com:NOT_FOUND|blog.digital-fabrica.com:OK:dnslink=/ipfs/QmBlogCID20250519|civic.digital-fabrica.com:FAIL:The DNS query name does not exist: _dnslink.civic.digital-fabrica.com.|fabrics.digital-fabrica.com:OK:dnslink=/ipfs/QmFabricsCID20250519|whitepaper.digital-fabrica.com:OK:dnslink=/ipfs/QmWhitepaperCID20250519|media.digital-fabrica.com:OK:dnslink=/ipfs/QmMediaCID20250519|qic.digital-fabrica.com:OK:dnslink=/ipfs/QmQicCID20250519|monad.digital-fabrica.com:OK:dnslink=/ipfs/QmMonadCID20250519|tc.digital-fabrica.com:OK:dnslink=/ipfs/QmTangraChainCID20250519|ikl.digital-fabrica.com:OK:dnslink=/ipfs/QmIKLCID20250519
ΣΩΩ.5.0::DNS_VERIFY::2025-05-19T10:01:17.070732Z::digital-fabrica.com:MISMATCH:dnslink=/ipns/k51qzi5uqu5di4rg14o1bm62h1yxfqsnp01qk56t950jkwsnkpixwmzhludx7x|digital-fabrica.com:NOT_FOUND|blog.digital-fabrica.com:OK:dnslink=/ipfs/QmBlogCID20250519|civic.digital-fabrica.com:OK:dnslink=/ipfs/QmCivicCID20250519|fabrics.digital-fabrica.com:OK:dnslink=/ipfs/QmFabricsCID20250519|whitepaper.digital-fabrica.com:OK:dnslink=/ipfs/QmWhitepaperCID20250519|media.digital-fabrica.com:OK:dnslink=/ipfs/QmMediaCID20250519|qic.digital-fabrica.com:OK:dnslink=/ipfs/QmQicCID20250519|monad.digital-fabrica.com:OK:dnslink=/ipfs/QmMonadCID20250519|tc.digital-fabrica.com:OK:dnslink=/ipfs/QmTangraChainCID20250519|ikl.digital-fabrica.com:OK:dnslink=/ipfs/QmIKLCID20250519
ΣΩΩ.5.0::DNS_VERIFY::2025-05-19T10:14:57.455293Z::digital-fabrica.com:OK:dnslink=/ipfs/QmMainCID20250519|blog.digital-fabrica.com:OK:dnslink=/ipfs/QmBlogCID20250519|civic.digital-fabrica.com:OK:dnslink=/ipfs/QmCivicCID20250519|fabrics.digital-fabrica.com:OK:dnslink=/ipfs/QmFabricsCID20250519|whitepaper.digital-fabrica.com:OK:dnslink=/ipfs/QmWhitepaperCID20250519|media.digital-fabrica.com:OK:dnslink=/ipfs/QmMediaCID20250519|qic.digital-fabrica.com:OK:dnslink=/ipfs/QmQicCID20250519|monad.digital-fabrica.com:OK:dnslink=/ipfs/QmMonadCID20250519|tc.digital-fabrica.com:OK:dnslink=/ipfs/QmTangraChainCID20250519|ikl.digital-fabrica.com:OK:dnslink=/ipfs/QmIKLCID20250519
ΣΩΩ.5.0::DNS_VERIFY::2025-05-19T10:41:30.484302Z::digital-fabrica.com:MISMATCH:dnslink=/ipns/k51qzi5uqu5di4rg14o1bm62h1yxfqsnp01qk56t950jkwsnkpixwmzhludx7x|digital-fabrica.com:NOT_FOUND|blog.digital-fabrica.com:OK:dnslink=/ipfs/QmBlogCID20250519|civic.digital-fabrica.com:OK:dnslink=/ipfs/QmCivicCID20250519|fabrics.digital-fabrica.com:OK:dnslink=/ipfs/QmFabricsCID20250519|whitepaper.digital-fabrica.com:OK:dnslink=/ipfs/QmWhitepaperCID20250519|media.digital-fabrica.com:OK:dnslink=/ipfs/QmMediaCID20250519|qic.digital-fabrica.com:OK:dnslink=/ipfs/QmQicCID20250519|monad.digital-fabrica.com:OK:dnslink=/ipfs/QmMonadCID20250519|tc.digital-fabrica.com:OK:dnslink=/ipfs/QmTangraChainCID20250519|ikl.digital-fabrica.com:OK:dnslink=/ipfs/QmIKLCID20250519
ΣΩΩ.5.0::DNS_VERIFY::2025-05-19T14:49:09.945516Z::digital-fabrica.com:OK:dnslink=/ipfs/QmMainCID20250519|blog.digital-fabrica.com:OK:dnslink=/ipfs/QmBlogCID20250519|civic.digital-fabrica.com:OK:dnslink=/ipfs/QmCivicCID20250519|fabrics.digital-fabrica.com:OK:dnslink=/ipfs/QmFabricsCID20250519|whitepaper.digital-fabrica.com:OK:dnslink=/ipfs/QmWhitepaperCID20250519|media.digital-fabrica.com:OK:dnslink=/ipfs/QmMediaCID20250519|qic.digital-fabrica.com:OK:dnslink=/ipfs/QmQicCID20250519|monad.digital-fabrica.com:OK:dnslink=/ipfs/QmMonadCID20250519|tc.digital-fabrica.com:OK:dnslink=/ipfs/QmTangraChainCID20250519|ikl.digital-fabrica.com:OK:dnslink=/ipfs/QmIKLCID20250519
ΣΩΩ.5.0::DNS_VERIFY::2025-05-19T14:58:29.025261Z::digital-fabrica.com:OK:dnslink=/ipfs/QmMainCID20250519|blog.digital-fabrica.com:OK:dnslink=/ipfs/QmBlogCID20250519|civic.digital-fabrica.com:OK:dnslink=/ipfs/QmCivicCID20250519|fabrics.digital-fabrica.com:OK:dnslink=/ipfs/QmFabricsCID20250519|whitepaper.digital-fabrica.com:OK:dnslink=/ipfs/QmWhitepaperCID20250519|media.digital-fabrica.com:OK:dnslink=/ipfs/QmMediaCID20250519|qic.digital-fabrica.com:OK:dnslink=/ipfs/QmQicCID20250519|monad.digital-fabrica.com:OK:dnslink=/ipfs/QmMonadCID20250519|tc.digital-fabrica.com:OK:dnslink=/ipfs/QmTangraChainCID20250519|ikl.digital-fabrica.com:OK:dnslink=/ipfs/QmIKLCID20250519
ΣΩΩ.5.2::CURSOR_COMPOSER_SYNCED::2025-05-19T22:56:42Z
ΣΩΩ.5.2::CURSOR_COMPOSER_SYNCED::2025-05-19T23:00:50Z
ΣΩΩ.5.2::CURSOR_COMPOSER_SYNCED::2025-05-19T23:01:10Z
ΣΩΩ.5.2::CURSOR_COMPOSER_SYNCED::2025-05-19T23:02:14Z
ΣΩΩ.5.2::CURSOR_COMPOSER_SYNCED::2025-05-19T23:03:41Z
ΣΩΩ.5.2::CURSOR_COMPOSER_SYNCED::2025-05-20T08:04:50Z
ΣΩΩ.5.2++::IC_STACK_SYNCHRONIZED::2025-05-20T08:24:24Z
added QmWMGPS89qgBBHNocJvHuqUZyiuQQNqwMeW5gE8VrgXyUb dist/404.html
added QmTGBZbPFq21jPsA7sbwDJG4ox9vHS13vJVgyUcWxWqmUD dist/assets/app.Du4llYq6.js
added QmXgjBXVYiAq5ZVv2SrtYGkeiwB36CTR6ktvHBfbqF7L1a dist/assets/chunks/framework.D8iJ1yzG.js
added QmUpvyQNfNDxXX86V7cdTaqtEwjWE7yDYvxAnAbMTrUbLe dist/assets/chunks/theme.BwATGHLE.js
added QmQ48RAExepz2oTGqzSQB3VsTdEipToUAgYuCiW41kbM8j dist/assets/index.md.C7JVwk8y.js
added QmQ48RAExepz2oTGqzSQB3VsTdEipToUAgYuCiW41kbM8j dist/assets/index.md.C7JVwk8y.lean.js
added QmccwemGH83Z4hz9f4DkqiuPQtHrWLshgjnJhbQc363ENm dist/assets/inter-italic-cyrillic-ext.r48I6akx.woff2
added Qme1ctiTYexwTyVXStP7ABVr2oaZW8jsNVR23GkNV4qBq5 dist/assets/inter-italic-cyrillic.By2_1cv3.woff2
added Qmf7hd285GUHYcca1QU1BaPkVVDQBidPaHfgiVXSsW9YFM dist/assets/inter-italic-greek-ext.1u6EdAuj.woff2
added QmYszKUiNptksAaR8hYDJ5rDAqNQWgur9WLjxh43mDqThS dist/assets/inter-italic-greek.DJ8dCoTZ.woff2
added QmWcZ8vpsEoByFEU13xB887yviHBHWJJvsFCdnSJrvTTfz dist/assets/inter-italic-latin-ext.CN1xVJS-.woff2
added QmTdzmnKcb33E1aAsJiAhM2qLdT9hHVCf3K7UFCoVBVgEi dist/assets/inter-italic-latin.C2AdPX0b.woff2
added QmYkoQCHnQkNRu6aNWSbezXm5mEYpg3arcgqv1uirk8eBe dist/assets/inter-italic-vietnamese.BSbpV94h.woff2
added QmXDTvtLtXMTUcJkaPwAKntayR5JAPb473Go7pAfmDxoeA dist/assets/inter-roman-cyrillic-ext.BBPuwvHQ.woff2
added QmdauABXsRXhGRC1aqUWvUMSg8b6onXTvRqpasTDyUeZvT dist/assets/inter-roman-cyrillic.C5lxZ8CY.woff2
added QmQfWo2SQhCTRkMpVccTxZhA4zB7CFRJoLGjXM8yFn5r6o dist/assets/inter-roman-greek-ext.CqjqNYQ-.woff2
added QmeRaH7yNyPzbHFVcKyfwDXEEMVshRp9iDRjY3J2kKFARt dist/assets/inter-roman-greek.BBVDIX6e.woff2
added QmP9hihN1R8XRBN23ZVBCqMJWzbCmX1NdxxatvsTME1VmM dist/assets/inter-roman-latin-ext.4ZJIpNVo.woff2
added QmWr2VyeosKaisyyh7QYwf8rqffPArMeX73zPq42tYGG3n dist/assets/inter-roman-latin.Di8DUHzh.woff2
added QmeihT6Si5D3pMZJvzYaYZQ7Q1qAbC6aujSdEaop2SgdJj dist/assets/inter-roman-vietnamese.BjW4sHH5.woff2
added QmRzj45p43yJZheJSMYG9R9iWMVpBWH9QWduCaNh74BGGP dist/assets/style.DGOls4H2.css
added Qmd8Udubp17oLECpfyNuDhaw3erBCeqoyeurt7H3Q7yQaN dist/hashmap.json
added QmXzfbaWMgfrprNbGpFs1USaHrDvUjjJmywmJ836pk9z22 dist/index.html
added QmbFMke1KXqnYyBBWxB74N4c5SBnJMVAiMNRcGu6x1AwQH dist/vp-icons.css
added QmS27YAMyfgtmU4h8MNeEdzfi6E3mnZBLHvUkVCFRXDtz9 dist/assets/chunks
added QmT5XnFdAQ6K4imNNijgWu26PgZEVAGeXPToNczLPAwPYi dist/assets
added QmXFJ1SUa79PK5e4UF4UfFZdarQX8ZVhC16871ixGgyCh5 dist
added QmYjVVCBbts4AHaMMytfBQTeYEuSQRCAgHzYZJi18bh9oZ dist/404.html
added QmeJa2ov3VGDPpVbnc5g988w7jvYTTdjoHz8iifwB2JM1Z dist/assets/app.CgeZS3zG.js
added QmXgjBXVYiAq5ZVv2SrtYGkeiwB36CTR6ktvHBfbqF7L1a dist/assets/chunks/framework.D8iJ1yzG.js
added QmeTgxsARgHCTXqNvJdYQw3DtsQkBuJu1f9kLsrZNLA4LW dist/assets/chunks/theme.Chauaikd.js
added QmNcJF25hetJTDqganfZNpzSdhhux1EBoj87CMsADKN7Ri dist/assets/index.md.B99lRfTF.js
added QmNcJF25hetJTDqganfZNpzSdhhux1EBoj87CMsADKN7Ri dist/assets/index.md.B99lRfTF.lean.js
added QmccwemGH83Z4hz9f4DkqiuPQtHrWLshgjnJhbQc363ENm dist/assets/inter-italic-cyrillic-ext.r48I6akx.woff2
added Qme1ctiTYexwTyVXStP7ABVr2oaZW8jsNVR23GkNV4qBq5 dist/assets/inter-italic-cyrillic.By2_1cv3.woff2
added Qmf7hd285GUHYcca1QU1BaPkVVDQBidPaHfgiVXSsW9YFM dist/assets/inter-italic-greek-ext.1u6EdAuj.woff2
added QmYszKUiNptksAaR8hYDJ5rDAqNQWgur9WLjxh43mDqThS dist/assets/inter-italic-greek.DJ8dCoTZ.woff2
added QmWcZ8vpsEoByFEU13xB887yviHBHWJJvsFCdnSJrvTTfz dist/assets/inter-italic-latin-ext.CN1xVJS-.woff2
added QmTdzmnKcb33E1aAsJiAhM2qLdT9hHVCf3K7UFCoVBVgEi dist/assets/inter-italic-latin.C2AdPX0b.woff2
added QmYkoQCHnQkNRu6aNWSbezXm5mEYpg3arcgqv1uirk8eBe dist/assets/inter-italic-vietnamese.BSbpV94h.woff2
added QmXDTvtLtXMTUcJkaPwAKntayR5JAPb473Go7pAfmDxoeA dist/assets/inter-roman-cyrillic-ext.BBPuwvHQ.woff2
added QmdauABXsRXhGRC1aqUWvUMSg8b6onXTvRqpasTDyUeZvT dist/assets/inter-roman-cyrillic.C5lxZ8CY.woff2
added QmQfWo2SQhCTRkMpVccTxZhA4zB7CFRJoLGjXM8yFn5r6o dist/assets/inter-roman-greek-ext.CqjqNYQ-.woff2
added QmeRaH7yNyPzbHFVcKyfwDXEEMVshRp9iDRjY3J2kKFARt dist/assets/inter-roman-greek.BBVDIX6e.woff2
added QmP9hihN1R8XRBN23ZVBCqMJWzbCmX1NdxxatvsTME1VmM dist/assets/inter-roman-latin-ext.4ZJIpNVo.woff2
added QmWr2VyeosKaisyyh7QYwf8rqffPArMeX73zPq42tYGG3n dist/assets/inter-roman-latin.Di8DUHzh.woff2
added QmeihT6Si5D3pMZJvzYaYZQ7Q1qAbC6aujSdEaop2SgdJj dist/assets/inter-roman-vietnamese.BjW4sHH5.woff2
added QmRzj45p43yJZheJSMYG9R9iWMVpBWH9QWduCaNh74BGGP dist/assets/style.DGOls4H2.css
added QmRvpEZdFmBKuXqPoxs4KzZSF71GRdzAUA5PJo5o6reiwW dist/hashmap.json
added QmT1aS3L5AY1nBsY18t1RF416bJDnjn8511kteNFrgpcfW dist/index.html
added QmbFMke1KXqnYyBBWxB74N4c5SBnJMVAiMNRcGu6x1AwQH dist/vp-icons.css
added QmRvs2r6QnPzKeD9u1JrTWQXX9CGiv8j5XmQoQ9dhGq2Vh dist/assets/chunks
added QmNsFHuQebRZgv7MiyUUjmGExXj9p7Ctm9pmzXBWaWmKsr dist/assets
added QmY5wYm2rQj5udPRcevze4UUebehayFK2fu1KExf8oWo7Q dist
added QmQp4QNnkuHdRZ4QrRSeHuTFgSxgFu2Ghm7AwEXjNsJdfP dist/404.html
added QmP8CqZEt5kyquwhGqKxFKkgqjNJUEVpJvL1aTAdtLGSLU dist/assets/app.CRdjJ1V6.js
added QmUVcBVTt57os4C1gKyaKEVDvr7ERTboTVHZ3FBPyRk9jG dist/assets/chunks/framework.Cthp9TdA.js
added QmeKmRseyCAM1XTRdppQm3iJaYnxT6TpFnwvGfHLGgejeL dist/assets/chunks/theme.CRCubwaT.js
added QmcqGFHZKH9yfPDK72PQaiVny8hhX3NJnXAUeWMU4QHQoT dist/assets/docs_index.md.CP3jNpvi.js
added QmXUf5KbDxFYQTnnNkGYPST36GKNnxZwChWqLDaqVcZgUA dist/assets/docs_index.md.CP3jNpvi.lean.js
added QmZcHZAjgoB2pUVxKSjk4Hjd5p8pcWmT187RLjvzEzpFE4 dist/assets/index.md.Deia2LJx.js
added QmRPc4ACr7hroab91N6paLxdsMr54oKtuPeEGkpBLoomc4 dist/assets/index.md.Deia2LJx.lean.js
added QmccwemGH83Z4hz9f4DkqiuPQtHrWLshgjnJhbQc363ENm dist/assets/inter-italic-cyrillic-ext.r48I6akx.woff2
added Qme1ctiTYexwTyVXStP7ABVr2oaZW8jsNVR23GkNV4qBq5 dist/assets/inter-italic-cyrillic.By2_1cv3.woff2
added Qmf7hd285GUHYcca1QU1BaPkVVDQBidPaHfgiVXSsW9YFM dist/assets/inter-italic-greek-ext.1u6EdAuj.woff2
added QmYszKUiNptksAaR8hYDJ5rDAqNQWgur9WLjxh43mDqThS dist/assets/inter-italic-greek.DJ8dCoTZ.woff2
added QmWcZ8vpsEoByFEU13xB887yviHBHWJJvsFCdnSJrvTTfz dist/assets/inter-italic-latin-ext.CN1xVJS-.woff2
added QmTdzmnKcb33E1aAsJiAhM2qLdT9hHVCf3K7UFCoVBVgEi dist/assets/inter-italic-latin.C2AdPX0b.woff2
added QmYkoQCHnQkNRu6aNWSbezXm5mEYpg3arcgqv1uirk8eBe dist/assets/inter-italic-vietnamese.BSbpV94h.woff2
added QmXDTvtLtXMTUcJkaPwAKntayR5JAPb473Go7pAfmDxoeA dist/assets/inter-roman-cyrillic-ext.BBPuwvHQ.woff2
added QmdauABXsRXhGRC1aqUWvUMSg8b6onXTvRqpasTDyUeZvT dist/assets/inter-roman-cyrillic.C5lxZ8CY.woff2
added QmQfWo2SQhCTRkMpVccTxZhA4zB7CFRJoLGjXM8yFn5r6o dist/assets/inter-roman-greek-ext.CqjqNYQ-.woff2
added QmeRaH7yNyPzbHFVcKyfwDXEEMVshRp9iDRjY3J2kKFARt dist/assets/inter-roman-greek.BBVDIX6e.woff2
added QmP9hihN1R8XRBN23ZVBCqMJWzbCmX1NdxxatvsTME1VmM dist/assets/inter-roman-latin-ext.4ZJIpNVo.woff2
added QmWr2VyeosKaisyyh7QYwf8rqffPArMeX73zPq42tYGG3n dist/assets/inter-roman-latin.Di8DUHzh.woff2
added QmeihT6Si5D3pMZJvzYaYZQ7Q1qAbC6aujSdEaop2SgdJj dist/assets/inter-roman-vietnamese.BjW4sHH5.woff2
added QmRzj45p43yJZheJSMYG9R9iWMVpBWH9QWduCaNh74BGGP dist/assets/style.DGOls4H2.css
added Qme4SPMnMKx5C4ZbhjvcsX8hGTEayTpvgyZDxSFBbNEMUN dist/docs/index.html
added QmcgYkYmuNZCr1SMdk7sjhXy7dMu2wRkNVmUKzBxMokePs dist/hashmap.json
added QmZHyyckkjanxiDcHW3dSBWGcEUT2p3A8vRcwfBaHcxH6P dist/index.html
added QmbFMke1KXqnYyBBWxB74N4c5SBnJMVAiMNRcGu6x1AwQH dist/vp-icons.css
added QmUGG6CqZdMSZuWYvaXygNCrwmoeb4crkMZbg1bU72K7LF dist/assets/chunks
added QmZbssitoRzi83mg4PWt7ZpCcVQ7FaUhkkhNJs8nbu3Z6Z dist/assets
added QmYdqBEfRj6XML1Z9U4bBU3eNoSxVTv3DGuiy4XuhtaVxE dist/docs
added QmVMVseBCKbEYYpKDtjkJx7By9wD2LkpEb5pbxjkNV3hUb dist
added QmX9PMemuvagWeptfzS5We1MsiYyKJv35MXiuSCs7n1tXg dist/404.html
added QmZ7CsdCZLHQ1Fa6QaLejyWxPMbgM1grbmE7EPvpyFC38T dist/assets/app.C8DsJI56.js
added QmXgjBXVYiAq5ZVv2SrtYGkeiwB36CTR6ktvHBfbqF7L1a dist/assets/chunks/framework.D8iJ1yzG.js
added QmWjdY3wCfmYqRAKoN3uSooSFskJvK5mdvm3rWCzUiBGgV dist/assets/chunks/theme.Bda5x6Tz.js
added QmaF5ps35WqfCypffFMaHNRoBEM3z4hbWuWvmtc9HFDPr5 dist/assets/index.md.-pg6Ua2E.js
added QmaF5ps35WqfCypffFMaHNRoBEM3z4hbWuWvmtc9HFDPr5 dist/assets/index.md.-pg6Ua2E.lean.js
added QmccwemGH83Z4hz9f4DkqiuPQtHrWLshgjnJhbQc363ENm dist/assets/inter-italic-cyrillic-ext.r48I6akx.woff2
added Qme1ctiTYexwTyVXStP7ABVr2oaZW8jsNVR23GkNV4qBq5 dist/assets/inter-italic-cyrillic.By2_1cv3.woff2
added Qmf7hd285GUHYcca1QU1BaPkVVDQBidPaHfgiVXSsW9YFM dist/assets/inter-italic-greek-ext.1u6EdAuj.woff2
added QmYszKUiNptksAaR8hYDJ5rDAqNQWgur9WLjxh43mDqThS dist/assets/inter-italic-greek.DJ8dCoTZ.woff2
added QmWcZ8vpsEoByFEU13xB887yviHBHWJJvsFCdnSJrvTTfz dist/assets/inter-italic-latin-ext.CN1xVJS-.woff2
added QmTdzmnKcb33E1aAsJiAhM2qLdT9hHVCf3K7UFCoVBVgEi dist/assets/inter-italic-latin.C2AdPX0b.woff2
added QmYkoQCHnQkNRu6aNWSbezXm5mEYpg3arcgqv1uirk8eBe dist/assets/inter-italic-vietnamese.BSbpV94h.woff2
added QmXDTvtLtXMTUcJkaPwAKntayR5JAPb473Go7pAfmDxoeA dist/assets/inter-roman-cyrillic-ext.BBPuwvHQ.woff2
added QmdauABXsRXhGRC1aqUWvUMSg8b6onXTvRqpasTDyUeZvT dist/assets/inter-roman-cyrillic.C5lxZ8CY.woff2
added QmQfWo2SQhCTRkMpVccTxZhA4zB7CFRJoLGjXM8yFn5r6o dist/assets/inter-roman-greek-ext.CqjqNYQ-.woff2
added QmeRaH7yNyPzbHFVcKyfwDXEEMVshRp9iDRjY3J2kKFARt dist/assets/inter-roman-greek.BBVDIX6e.woff2
added QmP9hihN1R8XRBN23ZVBCqMJWzbCmX1NdxxatvsTME1VmM dist/assets/inter-roman-latin-ext.4ZJIpNVo.woff2
added QmWr2VyeosKaisyyh7QYwf8rqffPArMeX73zPq42tYGG3n dist/assets/inter-roman-latin.Di8DUHzh.woff2
added QmeihT6Si5D3pMZJvzYaYZQ7Q1qAbC6aujSdEaop2SgdJj dist/assets/inter-roman-vietnamese.BjW4sHH5.woff2
added QmRzj45p43yJZheJSMYG9R9iWMVpBWH9QWduCaNh74BGGP dist/assets/style.DGOls4H2.css
added QmNcCGnQRtgfFsCtB7hucrtmHRoXpiC3PZzcE8L5sMryyc dist/hashmap.json
added QmYuA6m9nFhUDKuisjUfgZJzYM3w6krcomvJjNvTraCZUc dist/index.html
added QmbFMke1KXqnYyBBWxB74N4c5SBnJMVAiMNRcGu6x1AwQH dist/vp-icons.css
added QmYo4ZpViNG23jpwgVU1XjLaB5nYhh6yHjyobWkaK71LNd dist/assets/chunks
added QmRDKdUw4bmthNYVddrkEQEGYPptyP9RoY6KvpNmgQJ1mH dist/assets
added QmT6ETGM6m2sA2D6pSkcGB5K7Ln6LWLDTJgwjM87UUXYY7 dist
added QmeXY3gMwYvUHsJkL11GBCq3qyB8PmRhWvnnsbLqs8GdDt dist/404.html
added QmQJALo1KatXbUQ9qvEHoH5rm7EiraQyMtnTaG96x81NSg dist/assets/app.Dlm5p1MG.js
added QmXgjBXVYiAq5ZVv2SrtYGkeiwB36CTR6ktvHBfbqF7L1a dist/assets/chunks/framework.D8iJ1yzG.js
added QmYd98iGFimVhsZ9Vv2SPu9R79HFMNdhacfbzHjrZijepc dist/assets/chunks/theme.rV6-Xftb.js
added QmZQKbysB1zQRMcmCT2f4Kag9JXFxN7vg1rmsuWfQ3jr1c dist/assets/index.md.sre_i2DQ.js
added QmZQKbysB1zQRMcmCT2f4Kag9JXFxN7vg1rmsuWfQ3jr1c dist/assets/index.md.sre_i2DQ.lean.js
added QmccwemGH83Z4hz9f4DkqiuPQtHrWLshgjnJhbQc363ENm dist/assets/inter-italic-cyrillic-ext.r48I6akx.woff2
added Qme1ctiTYexwTyVXStP7ABVr2oaZW8jsNVR23GkNV4qBq5 dist/assets/inter-italic-cyrillic.By2_1cv3.woff2
added Qmf7hd285GUHYcca1QU1BaPkVVDQBidPaHfgiVXSsW9YFM dist/assets/inter-italic-greek-ext.1u6EdAuj.woff2
added QmYszKUiNptksAaR8hYDJ5rDAqNQWgur9WLjxh43mDqThS dist/assets/inter-italic-greek.DJ8dCoTZ.woff2
added QmWcZ8vpsEoByFEU13xB887yviHBHWJJvsFCdnSJrvTTfz dist/assets/inter-italic-latin-ext.CN1xVJS-.woff2
added QmTdzmnKcb33E1aAsJiAhM2qLdT9hHVCf3K7UFCoVBVgEi dist/assets/inter-italic-latin.C2AdPX0b.woff2
added QmYkoQCHnQkNRu6aNWSbezXm5mEYpg3arcgqv1uirk8eBe dist/assets/inter-italic-vietnamese.BSbpV94h.woff2
added QmXDTvtLtXMTUcJkaPwAKntayR5JAPb473Go7pAfmDxoeA dist/assets/inter-roman-cyrillic-ext.BBPuwvHQ.woff2
added QmdauABXsRXhGRC1aqUWvUMSg8b6onXTvRqpasTDyUeZvT dist/assets/inter-roman-cyrillic.C5lxZ8CY.woff2
added QmQfWo2SQhCTRkMpVccTxZhA4zB7CFRJoLGjXM8yFn5r6o dist/assets/inter-roman-greek-ext.CqjqNYQ-.woff2
added QmeRaH7yNyPzbHFVcKyfwDXEEMVshRp9iDRjY3J2kKFARt dist/assets/inter-roman-greek.BBVDIX6e.woff2
added QmP9hihN1R8XRBN23ZVBCqMJWzbCmX1NdxxatvsTME1VmM dist/assets/inter-roman-latin-ext.4ZJIpNVo.woff2
added QmWr2VyeosKaisyyh7QYwf8rqffPArMeX73zPq42tYGG3n dist/assets/inter-roman-latin.Di8DUHzh.woff2
added QmeihT6Si5D3pMZJvzYaYZQ7Q1qAbC6aujSdEaop2SgdJj dist/assets/inter-roman-vietnamese.BjW4sHH5.woff2
added QmRzj45p43yJZheJSMYG9R9iWMVpBWH9QWduCaNh74BGGP dist/assets/style.DGOls4H2.css
added QmU4BXGRqe21KaKyEq7bwRQLe7iVLHiMnDkrdD2e4fLd8F dist/hashmap.json
added QmRaimUSYjHwyQn3PeQ5NEMsktK6cQVnT51wJZ9YHZvcX3 dist/index.html
added QmbFMke1KXqnYyBBWxB74N4c5SBnJMVAiMNRcGu6x1AwQH dist/vp-icons.css
added QmVBUokS1q2Ph4iXLjsepXZJqBQ36ADnHJvSoiB4YHo8oC dist/assets/chunks
added QmP8rho9U1CnEuEAy6DfLGmgHhym5dkDCLSVXsA2eJ2jYP dist/assets
added QmfMuKUsAC7sWX92sMzbp1XPhNr863vtommGgsSCcJGzTU dist
added QmdLyQoFDUZqB8JVm4f4sfVWHivAMiMeC2ZfJAcmde5rkK dist/404.html
added QmZm2gFnZ9SJ2hshaXTBRX23ZvM2b1pz8frzHmipSoC676 dist/assets/app.CHaz2z97.js
added QmXgjBXVYiAq5ZVv2SrtYGkeiwB36CTR6ktvHBfbqF7L1a dist/assets/chunks/framework.D8iJ1yzG.js
added Qmep5z3WLwHA7ACEF4Q7GNKPVdCVuQAMWbjThz7TkJFSfJ dist/assets/chunks/theme.CuNPiL4u.js
added QmccwemGH83Z4hz9f4DkqiuPQtHrWLshgjnJhbQc363ENm dist/assets/inter-italic-cyrillic-ext.r48I6akx.woff2
added Qme1ctiTYexwTyVXStP7ABVr2oaZW8jsNVR23GkNV4qBq5 dist/assets/inter-italic-cyrillic.By2_1cv3.woff2
added Qmf7hd285GUHYcca1QU1BaPkVVDQBidPaHfgiVXSsW9YFM dist/assets/inter-italic-greek-ext.1u6EdAuj.woff2
added QmYszKUiNptksAaR8hYDJ5rDAqNQWgur9WLjxh43mDqThS dist/assets/inter-italic-greek.DJ8dCoTZ.woff2
added QmWcZ8vpsEoByFEU13xB887yviHBHWJJvsFCdnSJrvTTfz dist/assets/inter-italic-latin-ext.CN1xVJS-.woff2
added QmTdzmnKcb33E1aAsJiAhM2qLdT9hHVCf3K7UFCoVBVgEi dist/assets/inter-italic-latin.C2AdPX0b.woff2
added QmYkoQCHnQkNRu6aNWSbezXm5mEYpg3arcgqv1uirk8eBe dist/assets/inter-italic-vietnamese.BSbpV94h.woff2
added QmXDTvtLtXMTUcJkaPwAKntayR5JAPb473Go7pAfmDxoeA dist/assets/inter-roman-cyrillic-ext.BBPuwvHQ.woff2
added QmdauABXsRXhGRC1aqUWvUMSg8b6onXTvRqpasTDyUeZvT dist/assets/inter-roman-cyrillic.C5lxZ8CY.woff2
added QmQfWo2SQhCTRkMpVccTxZhA4zB7CFRJoLGjXM8yFn5r6o dist/assets/inter-roman-greek-ext.CqjqNYQ-.woff2
added QmeRaH7yNyPzbHFVcKyfwDXEEMVshRp9iDRjY3J2kKFARt dist/assets/inter-roman-greek.BBVDIX6e.woff2
added QmP9hihN1R8XRBN23ZVBCqMJWzbCmX1NdxxatvsTME1VmM dist/assets/inter-roman-latin-ext.4ZJIpNVo.woff2
added QmWr2VyeosKaisyyh7QYwf8rqffPArMeX73zPq42tYGG3n dist/assets/inter-roman-latin.Di8DUHzh.woff2
added QmeihT6Si5D3pMZJvzYaYZQ7Q1qAbC6aujSdEaop2SgdJj dist/assets/inter-roman-vietnamese.BjW4sHH5.woff2
added QmRNiCLPzxJR1hRBbJjAj5RE9ZrT8HygsonVsUmZrSf4rT dist/assets/style.CDrLWmeR.css
added QmfSnGmfexFsLDkbgN76Qhx2W8sxrNDobFEQZ6ER5qg2wW dist/hashmap.json
added QmbFMke1KXqnYyBBWxB74N4c5SBnJMVAiMNRcGu6x1AwQH dist/vp-icons.css
added QmTCNFzAH8kUZTWe69dcqz6JDPW9tUNjxGsnE2fjpzjegY dist/assets/chunks
added Qmbstapxay4tQkBjM65KpumxqatReUdKMKeg6MZ9eLg55g dist/assets
added Qmdy7Z7SK8bTSKU2pmLA1C5T5nwK3uC8isiChnYHd2JZyJ dist
added QmRhytErjuD3WVi45RrWeHaGFAQg9gmoCWKDfsbZ1iYTDN dist/404.html
added QmTd1o5SPjJa4NwQ6dXaiw2WYsneEbUKwF5TSuykBehy35 dist/assets/app.Bx6hm-Wl.js
added QmXgjBXVYiAq5ZVv2SrtYGkeiwB36CTR6ktvHBfbqF7L1a dist/assets/chunks/framework.D8iJ1yzG.js
added QmUxbkoALuF4UFnxyDNrjVSjTzGhtdXYEXrR52oT8FK6Di dist/assets/chunks/theme.DIiGeznc.js
added QmccwemGH83Z4hz9f4DkqiuPQtHrWLshgjnJhbQc363ENm dist/assets/inter-italic-cyrillic-ext.r48I6akx.woff2
added Qme1ctiTYexwTyVXStP7ABVr2oaZW8jsNVR23GkNV4qBq5 dist/assets/inter-italic-cyrillic.By2_1cv3.woff2
added Qmf7hd285GUHYcca1QU1BaPkVVDQBidPaHfgiVXSsW9YFM dist/assets/inter-italic-greek-ext.1u6EdAuj.woff2
added QmYszKUiNptksAaR8hYDJ5rDAqNQWgur9WLjxh43mDqThS dist/assets/inter-italic-greek.DJ8dCoTZ.woff2
added QmWcZ8vpsEoByFEU13xB887yviHBHWJJvsFCdnSJrvTTfz dist/assets/inter-italic-latin-ext.CN1xVJS-.woff2
added QmTdzmnKcb33E1aAsJiAhM2qLdT9hHVCf3K7UFCoVBVgEi dist/assets/inter-italic-latin.C2AdPX0b.woff2
added QmYkoQCHnQkNRu6aNWSbezXm5mEYpg3arcgqv1uirk8eBe dist/assets/inter-italic-vietnamese.BSbpV94h.woff2
added QmXDTvtLtXMTUcJkaPwAKntayR5JAPb473Go7pAfmDxoeA dist/assets/inter-roman-cyrillic-ext.BBPuwvHQ.woff2
added QmdauABXsRXhGRC1aqUWvUMSg8b6onXTvRqpasTDyUeZvT dist/assets/inter-roman-cyrillic.C5lxZ8CY.woff2
added QmQfWo2SQhCTRkMpVccTxZhA4zB7CFRJoLGjXM8yFn5r6o dist/assets/inter-roman-greek-ext.CqjqNYQ-.woff2
added QmeRaH7yNyPzbHFVcKyfwDXEEMVshRp9iDRjY3J2kKFARt dist/assets/inter-roman-greek.BBVDIX6e.woff2
added QmP9hihN1R8XRBN23ZVBCqMJWzbCmX1NdxxatvsTME1VmM dist/assets/inter-roman-latin-ext.4ZJIpNVo.woff2
added QmWr2VyeosKaisyyh7QYwf8rqffPArMeX73zPq42tYGG3n dist/assets/inter-roman-latin.Di8DUHzh.woff2
added QmeihT6Si5D3pMZJvzYaYZQ7Q1qAbC6aujSdEaop2SgdJj dist/assets/inter-roman-vietnamese.BjW4sHH5.woff2
added QmRzj45p43yJZheJSMYG9R9iWMVpBWH9QWduCaNh74BGGP dist/assets/style.DGOls4H2.css
added QmfSnGmfexFsLDkbgN76Qhx2W8sxrNDobFEQZ6ER5qg2wW dist/hashmap.json
added QmbFMke1KXqnYyBBWxB74N4c5SBnJMVAiMNRcGu6x1AwQH dist/vp-icons.css
added QmQNqP6zVmPtpDoP6Zi7dmvqzyyw9RCgo2NG9eJvEyndMj dist/assets/chunks
added QmR7GgVQVRtWeyt96KhXSJ14y7t84mj4BLAJ3EZ4CbGUoQ dist/assets
added QmchAnxKK17CRyZtekb2RCnrRmiahnoWfQ8uUhE4YYFPCu dist
added QmdLyQoFDUZqB8JVm4f4sfVWHivAMiMeC2ZfJAcmde5rkK dist/404.html
added QmZm2gFnZ9SJ2hshaXTBRX23ZvM2b1pz8frzHmipSoC676 dist/assets/app.CHaz2z97.js
added QmXgjBXVYiAq5ZVv2SrtYGkeiwB36CTR6ktvHBfbqF7L1a dist/assets/chunks/framework.D8iJ1yzG.js
added Qmep5z3WLwHA7ACEF4Q7GNKPVdCVuQAMWbjThz7TkJFSfJ dist/assets/chunks/theme.CuNPiL4u.js
added QmccwemGH83Z4hz9f4DkqiuPQtHrWLshgjnJhbQc363ENm dist/assets/inter-italic-cyrillic-ext.r48I6akx.woff2
added Qme1ctiTYexwTyVXStP7ABVr2oaZW8jsNVR23GkNV4qBq5 dist/assets/inter-italic-cyrillic.By2_1cv3.woff2
added Qmf7hd285GUHYcca1QU1BaPkVVDQBidPaHfgiVXSsW9YFM dist/assets/inter-italic-greek-ext.1u6EdAuj.woff2
added QmYszKUiNptksAaR8hYDJ5rDAqNQWgur9WLjxh43mDqThS dist/assets/inter-italic-greek.DJ8dCoTZ.woff2
added QmWcZ8vpsEoByFEU13xB887yviHBHWJJvsFCdnSJrvTTfz dist/assets/inter-italic-latin-ext.CN1xVJS-.woff2
added QmTdzmnKcb33E1aAsJiAhM2qLdT9hHVCf3K7UFCoVBVgEi dist/assets/inter-italic-latin.C2AdPX0b.woff2
added QmYkoQCHnQkNRu6aNWSbezXm5mEYpg3arcgqv1uirk8eBe dist/assets/inter-italic-vietnamese.BSbpV94h.woff2
added QmXDTvtLtXMTUcJkaPwAKntayR5JAPb473Go7pAfmDxoeA dist/assets/inter-roman-cyrillic-ext.BBPuwvHQ.woff2
added QmdauABXsRXhGRC1aqUWvUMSg8b6onXTvRqpasTDyUeZvT dist/assets/inter-roman-cyrillic.C5lxZ8CY.woff2
added QmQfWo2SQhCTRkMpVccTxZhA4zB7CFRJoLGjXM8yFn5r6o dist/assets/inter-roman-greek-ext.CqjqNYQ-.woff2
added QmeRaH7yNyPzbHFVcKyfwDXEEMVshRp9iDRjY3J2kKFARt dist/assets/inter-roman-greek.BBVDIX6e.woff2
added QmP9hihN1R8XRBN23ZVBCqMJWzbCmX1NdxxatvsTME1VmM dist/assets/inter-roman-latin-ext.4ZJIpNVo.woff2
added QmWr2VyeosKaisyyh7QYwf8rqffPArMeX73zPq42tYGG3n dist/assets/inter-roman-latin.Di8DUHzh.woff2
added QmeihT6Si5D3pMZJvzYaYZQ7Q1qAbC6aujSdEaop2SgdJj dist/assets/inter-roman-vietnamese.BjW4sHH5.woff2
added QmRNiCLPzxJR1hRBbJjAj5RE9ZrT8HygsonVsUmZrSf4rT dist/assets/style.CDrLWmeR.css
added QmfSnGmfexFsLDkbgN76Qhx2W8sxrNDobFEQZ6ER5qg2wW dist/hashmap.json
added QmbFMke1KXqnYyBBWxB74N4c5SBnJMVAiMNRcGu6x1AwQH dist/vp-icons.css
added QmTCNFzAH8kUZTWe69dcqz6JDPW9tUNjxGsnE2fjpzjegY dist/assets/chunks
added Qmbstapxay4tQkBjM65KpumxqatReUdKMKeg6MZ9eLg55g dist/assets
added Qmdy7Z7SK8bTSKU2pmLA1C5T5nwK3uC8isiChnYHd2JZyJ dist
added QmbibZRHvr8yN8eBmhKXGFKG2avEdKSWUc2inbE91rENxg dist/404.html
added QmRCpSTH88zKc6KkMXfMsQywXfBMbEeGMySaH4v9deRa19 dist/assets/app.8tiQap0r.js
added QmNuZYE539sGQ2McxHigkCpUpLH6GkGtzrxArRtcSmAqC1 dist/assets/chunks/framework.BbU7e7kO.js
added QmQjVQWSNW4rXxwk2j45JqjvoPum8hD5cBFVZYHZzbRBfP dist/assets/chunks/theme.C071xIIg.js
added QmfCC4C1cwcS2sWAhHDDQMJaZ4mYC3V3yq2So21du4Nkpb dist/assets/index.md.DZTndRD5.js
added QmfCC4C1cwcS2sWAhHDDQMJaZ4mYC3V3yq2So21du4Nkpb dist/assets/index.md.DZTndRD5.lean.js
added QmccwemGH83Z4hz9f4DkqiuPQtHrWLshgjnJhbQc363ENm dist/assets/inter-italic-cyrillic-ext.r48I6akx.woff2
added Qme1ctiTYexwTyVXStP7ABVr2oaZW8jsNVR23GkNV4qBq5 dist/assets/inter-italic-cyrillic.By2_1cv3.woff2
added Qmf7hd285GUHYcca1QU1BaPkVVDQBidPaHfgiVXSsW9YFM dist/assets/inter-italic-greek-ext.1u6EdAuj.woff2
added QmYszKUiNptksAaR8hYDJ5rDAqNQWgur9WLjxh43mDqThS dist/assets/inter-italic-greek.DJ8dCoTZ.woff2
added QmWcZ8vpsEoByFEU13xB887yviHBHWJJvsFCdnSJrvTTfz dist/assets/inter-italic-latin-ext.CN1xVJS-.woff2
added QmTdzmnKcb33E1aAsJiAhM2qLdT9hHVCf3K7UFCoVBVgEi dist/assets/inter-italic-latin.C2AdPX0b.woff2
added QmYkoQCHnQkNRu6aNWSbezXm5mEYpg3arcgqv1uirk8eBe dist/assets/inter-italic-vietnamese.BSbpV94h.woff2
added QmXDTvtLtXMTUcJkaPwAKntayR5JAPb473Go7pAfmDxoeA dist/assets/inter-roman-cyrillic-ext.BBPuwvHQ.woff2
added QmdauABXsRXhGRC1aqUWvUMSg8b6onXTvRqpasTDyUeZvT dist/assets/inter-roman-cyrillic.C5lxZ8CY.woff2
added QmQfWo2SQhCTRkMpVccTxZhA4zB7CFRJoLGjXM8yFn5r6o dist/assets/inter-roman-greek-ext.CqjqNYQ-.woff2
added QmeRaH7yNyPzbHFVcKyfwDXEEMVshRp9iDRjY3J2kKFARt dist/assets/inter-roman-greek.BBVDIX6e.woff2
added QmP9hihN1R8XRBN23ZVBCqMJWzbCmX1NdxxatvsTME1VmM dist/assets/inter-roman-latin-ext.4ZJIpNVo.woff2
added QmWr2VyeosKaisyyh7QYwf8rqffPArMeX73zPq42tYGG3n dist/assets/inter-roman-latin.Di8DUHzh.woff2
added QmeihT6Si5D3pMZJvzYaYZQ7Q1qAbC6aujSdEaop2SgdJj dist/assets/inter-roman-vietnamese.BjW4sHH5.woff2
added QmbaKqzbLdEZJNtNqxc2BHM9dxUSuE5W8NhCH2JuHAxMWk dist/assets/style.CL-77jBe.css
added QmUWXfUCybzq3wQqzKK4UJPR8K9ANss1w3pi5F8KroGx5o dist/hashmap.json
added QmYTWBcsMAUrX59BrnNteet7erHJUTKg2hxtg7XdVCZjs9 dist/index.html
added QmYa8vADgnmpqVraRgn1hcuNTzMyNAZbrtKzRA1ySB5DB9 dist/vp-icons.css
added QmPB8qkpiPpnKgdQZFGzWE1skPc67WdbkxeKMnDEAJwB4g dist/assets/chunks
added QmaVeMc4kdpRJiYK18jVemHjWcerZPWaFVMwCD9QJGRLsp dist/assets
added QmNeWQb39mAYMCoYUQjK8Tc3eCx92FCJXNy37yhZFbihQx dist
added QmXyPpjgCamhUcaHiNuGMTwtjeav1q9MdTndr8gJBGxx51 dist/404.html
added QmeVeiB3XRbeTt4CquXj8LZSQBhfMRg4qYt79siCS7Ldn7 dist/assets/app.CXEacqqw.js
added QmXgpTnBpA8yTKsB82WbzCSmevG8y4ncruEpcpuaVQNybK dist/assets/chunks/framework.D1zehzEv.js
added Qmc9Hy4xWELci2k5kY7dZC4nDfb3f5TYJCFhb3hNRydiuF dist/assets/chunks/theme.B4Q-fJdv.js
added QmTiwnCtAVYkQesL57DiVZDQ1xLef4bdHkszVu1THBmDcf dist/assets/index.md.BDqxkD74.js
added QmTiwnCtAVYkQesL57DiVZDQ1xLef4bdHkszVu1THBmDcf dist/assets/index.md.BDqxkD74.lean.js
added QmccwemGH83Z4hz9f4DkqiuPQtHrWLshgjnJhbQc363ENm dist/assets/inter-italic-cyrillic-ext.r48I6akx.woff2
added Qme1ctiTYexwTyVXStP7ABVr2oaZW8jsNVR23GkNV4qBq5 dist/assets/inter-italic-cyrillic.By2_1cv3.woff2
added Qmf7hd285GUHYcca1QU1BaPkVVDQBidPaHfgiVXSsW9YFM dist/assets/inter-italic-greek-ext.1u6EdAuj.woff2
added QmYszKUiNptksAaR8hYDJ5rDAqNQWgur9WLjxh43mDqThS dist/assets/inter-italic-greek.DJ8dCoTZ.woff2
added QmWcZ8vpsEoByFEU13xB887yviHBHWJJvsFCdnSJrvTTfz dist/assets/inter-italic-latin-ext.CN1xVJS-.woff2
added QmTdzmnKcb33E1aAsJiAhM2qLdT9hHVCf3K7UFCoVBVgEi dist/assets/inter-italic-latin.C2AdPX0b.woff2
added QmYkoQCHnQkNRu6aNWSbezXm5mEYpg3arcgqv1uirk8eBe dist/assets/inter-italic-vietnamese.BSbpV94h.woff2
added QmXDTvtLtXMTUcJkaPwAKntayR5JAPb473Go7pAfmDxoeA dist/assets/inter-roman-cyrillic-ext.BBPuwvHQ.woff2
added QmdauABXsRXhGRC1aqUWvUMSg8b6onXTvRqpasTDyUeZvT dist/assets/inter-roman-cyrillic.C5lxZ8CY.woff2
added QmQfWo2SQhCTRkMpVccTxZhA4zB7CFRJoLGjXM8yFn5r6o dist/assets/inter-roman-greek-ext.CqjqNYQ-.woff2
added QmeRaH7yNyPzbHFVcKyfwDXEEMVshRp9iDRjY3J2kKFARt dist/assets/inter-roman-greek.BBVDIX6e.woff2
added QmP9hihN1R8XRBN23ZVBCqMJWzbCmX1NdxxatvsTME1VmM dist/assets/inter-roman-latin-ext.4ZJIpNVo.woff2
added QmWr2VyeosKaisyyh7QYwf8rqffPArMeX73zPq42tYGG3n dist/assets/inter-roman-latin.Di8DUHzh.woff2
added QmeihT6Si5D3pMZJvzYaYZQ7Q1qAbC6aujSdEaop2SgdJj dist/assets/inter-roman-vietnamese.BjW4sHH5.woff2
added QmbhJX2niJFf1ngdcPNE5fEGj2CmdWRX4F9gNc2T38vecG dist/assets/style.DL1IFqgB.css
added QmYQKb2fDBJKhV6niN9zz7PjHwSE5msfRefgqnwajH1hKM dist/hashmap.json
added QmSdiin93Zk2yrteo8aiejXz95P9mWtArWrJCBiZyXuKzY dist/index.html
added QmYa8vADgnmpqVraRgn1hcuNTzMyNAZbrtKzRA1ySB5DB9 dist/vp-icons.css
added QmYs6nPhruoN5zCJmuMcrvCjzNe81zmuAq8u8SHM17y7xs dist/assets/chunks
added QmeZXKGkYnQXGjuQNicvftrj3T4xenM2wiEPZp3rXcgfMp dist/assets
added QmNZ31XFtpKm9aU9duMT5nQD4pVnARuEdkp3pHEdv6CvC5 dist
added QmaWiVD7xxSPf8LWF4GxFvza6qvum4v1b8zK17oPsxxMwx dist/404.html
added QmPGxwrrcX4nsnyS1nsgSFgaQyP7i4iymC4Wh9a2JFiHrg dist/assets/app.DgSmtJ8R.js
added QmXgpTnBpA8yTKsB82WbzCSmevG8y4ncruEpcpuaVQNybK dist/assets/chunks/framework.D1zehzEv.js
added QmTsZBy6u48aifviw9AwXaSCwZRVFAFtcHvEsg71Yn5WJN dist/assets/chunks/theme.Dd0Efx4i.js
added QmbQNYPszkNmU7SPG8t3Y97uz3JsbQCkaM16UoMvKUkKwa dist/assets/index.md.r-d4mMKx.js
added QmbQNYPszkNmU7SPG8t3Y97uz3JsbQCkaM16UoMvKUkKwa dist/assets/index.md.r-d4mMKx.lean.js
added QmccwemGH83Z4hz9f4DkqiuPQtHrWLshgjnJhbQc363ENm dist/assets/inter-italic-cyrillic-ext.r48I6akx.woff2
added Qme1ctiTYexwTyVXStP7ABVr2oaZW8jsNVR23GkNV4qBq5 dist/assets/inter-italic-cyrillic.By2_1cv3.woff2
added Qmf7hd285GUHYcca1QU1BaPkVVDQBidPaHfgiVXSsW9YFM dist/assets/inter-italic-greek-ext.1u6EdAuj.woff2
added QmYszKUiNptksAaR8hYDJ5rDAqNQWgur9WLjxh43mDqThS dist/assets/inter-italic-greek.DJ8dCoTZ.woff2
added QmWcZ8vpsEoByFEU13xB887yviHBHWJJvsFCdnSJrvTTfz dist/assets/inter-italic-latin-ext.CN1xVJS-.woff2
added QmTdzmnKcb33E1aAsJiAhM2qLdT9hHVCf3K7UFCoVBVgEi dist/assets/inter-italic-latin.C2AdPX0b.woff2
added QmYkoQCHnQkNRu6aNWSbezXm5mEYpg3arcgqv1uirk8eBe dist/assets/inter-italic-vietnamese.BSbpV94h.woff2
added QmXDTvtLtXMTUcJkaPwAKntayR5JAPb473Go7pAfmDxoeA dist/assets/inter-roman-cyrillic-ext.BBPuwvHQ.woff2
added QmdauABXsRXhGRC1aqUWvUMSg8b6onXTvRqpasTDyUeZvT dist/assets/inter-roman-cyrillic.C5lxZ8CY.woff2
added QmQfWo2SQhCTRkMpVccTxZhA4zB7CFRJoLGjXM8yFn5r6o dist/assets/inter-roman-greek-ext.CqjqNYQ-.woff2
added QmeRaH7yNyPzbHFVcKyfwDXEEMVshRp9iDRjY3J2kKFARt dist/assets/inter-roman-greek.BBVDIX6e.woff2
added QmP9hihN1R8XRBN23ZVBCqMJWzbCmX1NdxxatvsTME1VmM dist/assets/inter-roman-latin-ext.4ZJIpNVo.woff2
added QmWr2VyeosKaisyyh7QYwf8rqffPArMeX73zPq42tYGG3n dist/assets/inter-roman-latin.Di8DUHzh.woff2
added QmeihT6Si5D3pMZJvzYaYZQ7Q1qAbC6aujSdEaop2SgdJj dist/assets/inter-roman-vietnamese.BjW4sHH5.woff2
added QmVRik4G3UjUVVLFskfjbGD57KAiFYpTX1Zkit57P1ZzKr dist/assets/style.CU_fWZQU.css
added QmcMKE8HT1xRdrrbCpx2pQyuYdDqz9XWkRaqrVYBajMxbw dist/hashmap.json
added QmTwrfuUTXqBK53qbc9phLkDbRzgnWJt4ZSTorLyRXG1Mv dist/index.html
added QmYa8vADgnmpqVraRgn1hcuNTzMyNAZbrtKzRA1ySB5DB9 dist/vp-icons.css
added QmcXjMDo6p3mhBKUepp9AvukYoptjBb67E8NQBnj66Dgti dist/assets/chunks
added QmRW8H9BBh2m46sh8sU8NrXZUbJk8bM7DWJtt24xRCVJoo dist/assets
added QmWZyrWjKUNbWKoLkRBGZFqiDtUvhaZTbGibYfhduHcLAn dist
added QmQhgAdysL7yfTjBeT8jXAVooYc7HfBdL7yUpFnADyvs1z dist/404.html
added QmTnZdfbmJZhzEM4CfNTyLwVdU2m16LD6mjzV7LwoXBWR3 dist/assets/app.D0V01vSm.js
added QmXgpTnBpA8yTKsB82WbzCSmevG8y4ncruEpcpuaVQNybK dist/assets/chunks/framework.D1zehzEv.js
added QmS3FwVRKxgpE5zzzvuEDScJFuPX4DoGwVpVCb4EDxwTJi dist/assets/chunks/theme.CT5SjjTj.js
added QmVaWMnJSZfuhTT9S2LLmem1qyBX46YNWDLFcbAXdVF1Ht dist/assets/index.md.Dn6YnVMF.js
added QmVaWMnJSZfuhTT9S2LLmem1qyBX46YNWDLFcbAXdVF1Ht dist/assets/index.md.Dn6YnVMF.lean.js
added QmccwemGH83Z4hz9f4DkqiuPQtHrWLshgjnJhbQc363ENm dist/assets/inter-italic-cyrillic-ext.r48I6akx.woff2
added Qme1ctiTYexwTyVXStP7ABVr2oaZW8jsNVR23GkNV4qBq5 dist/assets/inter-italic-cyrillic.By2_1cv3.woff2
added Qmf7hd285GUHYcca1QU1BaPkVVDQBidPaHfgiVXSsW9YFM dist/assets/inter-italic-greek-ext.1u6EdAuj.woff2
added QmYszKUiNptksAaR8hYDJ5rDAqNQWgur9WLjxh43mDqThS dist/assets/inter-italic-greek.DJ8dCoTZ.woff2
added QmWcZ8vpsEoByFEU13xB887yviHBHWJJvsFCdnSJrvTTfz dist/assets/inter-italic-latin-ext.CN1xVJS-.woff2
added QmTdzmnKcb33E1aAsJiAhM2qLdT9hHVCf3K7UFCoVBVgEi dist/assets/inter-italic-latin.C2AdPX0b.woff2
added QmYkoQCHnQkNRu6aNWSbezXm5mEYpg3arcgqv1uirk8eBe dist/assets/inter-italic-vietnamese.BSbpV94h.woff2
added QmXDTvtLtXMTUcJkaPwAKntayR5JAPb473Go7pAfmDxoeA dist/assets/inter-roman-cyrillic-ext.BBPuwvHQ.woff2
added QmdauABXsRXhGRC1aqUWvUMSg8b6onXTvRqpasTDyUeZvT dist/assets/inter-roman-cyrillic.C5lxZ8CY.woff2
added QmQfWo2SQhCTRkMpVccTxZhA4zB7CFRJoLGjXM8yFn5r6o dist/assets/inter-roman-greek-ext.CqjqNYQ-.woff2
added QmeRaH7yNyPzbHFVcKyfwDXEEMVshRp9iDRjY3J2kKFARt dist/assets/inter-roman-greek.BBVDIX6e.woff2
added QmP9hihN1R8XRBN23ZVBCqMJWzbCmX1NdxxatvsTME1VmM dist/assets/inter-roman-latin-ext.4ZJIpNVo.woff2
added QmWr2VyeosKaisyyh7QYwf8rqffPArMeX73zPq42tYGG3n dist/assets/inter-roman-latin.Di8DUHzh.woff2
added QmeihT6Si5D3pMZJvzYaYZQ7Q1qAbC6aujSdEaop2SgdJj dist/assets/inter-roman-vietnamese.BjW4sHH5.woff2
added QmbhJX2niJFf1ngdcPNE5fEGj2CmdWRX4F9gNc2T38vecG dist/assets/style.DL1IFqgB.css
added QmaqReXBKXRufQX5rsfHmH9m8FmahXNQasYw9NqXAD8ixw dist/hashmap.json
added QmZy64TyfDJ1wsppfGz6xgUuX6LcSBjzRXVS71a6ya57cW dist/index.html
added QmbFMke1KXqnYyBBWxB74N4c5SBnJMVAiMNRcGu6x1AwQH dist/vp-icons.css
added QmTcELKTzvi8SyHFTqpWc7YWju6A9qApQY9kVF6Z4M8wbD dist/assets/chunks
added QmWrFqeh6tSZ22RhX7KEEbrn8dvs6SQQW1YcjQKqTq8RWB dist/assets
added QmNjf7yUAB7SJB9HHYz2bKG8Aku62CHtCjmFY7qtrQqBS5 dist
added QmTtALkfkfnBGHMRZWvRBSUZUNMAM7giK98rryd9ETNnma dist/404.html
added QmaSnnLyRUarXu8ZuNYqTxL4LNk7fzYLKAYo3DFQ96Gw9j dist/assets/app.C-maaYLH.js
added QmUoFNUbDofCa13MdXzmb4KvLwc8jDiCVtQfE5S3SmMXKp dist/assets/chunks/framework.NcZqgvTs.js
added QmRBnNqYGzdVFvCJeqKKumrCz47KJcyG74kkKhW7XpZb4u dist/assets/chunks/theme.DbzarACt.js
added QmfQVfrwSbEdfnQ3kfhVaw4KgLVwTQmpWvM9qCoifmEaVq dist/assets/docs_index.md.C0GgbA_D.js
added Qmazr3K9WKvSppjVp1j478sLBKfHbeeY7eNv6ziNc66hvq dist/assets/docs_index.md.C0GgbA_D.lean.js
added QmaUYSDXAtsBvW1MFSt1qKYrBHnr6CghSDrrbq5g67RXJe dist/assets/index.md.CRkdmusw.js
added QmUCw85Z7xCRw3vrteYcB8BPaAHKSk6b1cwpeXWxJkyYMf dist/assets/index.md.CRkdmusw.lean.js
added QmccwemGH83Z4hz9f4DkqiuPQtHrWLshgjnJhbQc363ENm dist/assets/inter-italic-cyrillic-ext.r48I6akx.woff2
added Qme1ctiTYexwTyVXStP7ABVr2oaZW8jsNVR23GkNV4qBq5 dist/assets/inter-italic-cyrillic.By2_1cv3.woff2
added Qmf7hd285GUHYcca1QU1BaPkVVDQBidPaHfgiVXSsW9YFM dist/assets/inter-italic-greek-ext.1u6EdAuj.woff2
added QmYszKUiNptksAaR8hYDJ5rDAqNQWgur9WLjxh43mDqThS dist/assets/inter-italic-greek.DJ8dCoTZ.woff2
added QmWcZ8vpsEoByFEU13xB887yviHBHWJJvsFCdnSJrvTTfz dist/assets/inter-italic-latin-ext.CN1xVJS-.woff2
added QmTdzmnKcb33E1aAsJiAhM2qLdT9hHVCf3K7UFCoVBVgEi dist/assets/inter-italic-latin.C2AdPX0b.woff2
added QmYkoQCHnQkNRu6aNWSbezXm5mEYpg3arcgqv1uirk8eBe dist/assets/inter-italic-vietnamese.BSbpV94h.woff2
added QmXDTvtLtXMTUcJkaPwAKntayR5JAPb473Go7pAfmDxoeA dist/assets/inter-roman-cyrillic-ext.BBPuwvHQ.woff2
added QmdauABXsRXhGRC1aqUWvUMSg8b6onXTvRqpasTDyUeZvT dist/assets/inter-roman-cyrillic.C5lxZ8CY.woff2
added QmQfWo2SQhCTRkMpVccTxZhA4zB7CFRJoLGjXM8yFn5r6o dist/assets/inter-roman-greek-ext.CqjqNYQ-.woff2
added QmeRaH7yNyPzbHFVcKyfwDXEEMVshRp9iDRjY3J2kKFARt dist/assets/inter-roman-greek.BBVDIX6e.woff2
added QmP9hihN1R8XRBN23ZVBCqMJWzbCmX1NdxxatvsTME1VmM dist/assets/inter-roman-latin-ext.4ZJIpNVo.woff2
added QmWr2VyeosKaisyyh7QYwf8rqffPArMeX73zPq42tYGG3n dist/assets/inter-roman-latin.Di8DUHzh.woff2
added QmeihT6Si5D3pMZJvzYaYZQ7Q1qAbC6aujSdEaop2SgdJj dist/assets/inter-roman-vietnamese.BjW4sHH5.woff2
added QmX1wHYW2k5avost6uYCsdYndTV4hcKbdbULtZ3chBoaCg dist/assets/style.CPiq3BAf.css
added QmW25zUsN2r2nxh4xNKiAMmcAsByKLGtZy1CMk3sCzFfBg dist/docs/index.html
added QmZJWWYaLPsmGmHQghKHXCUf1eNQH3GfcMmbnQbNTqxHEC dist/hashmap.json
added QmStrDXuBqMKm1WRYwFERNzpQ9FXbJews6arkDpbR9uS5r dist/index.html
added QmYa8vADgnmpqVraRgn1hcuNTzMyNAZbrtKzRA1ySB5DB9 dist/vp-icons.css
added Qma8Wr2vcwBfnt273RJc79iuBZ3XRdsRGJvdUoeRXLgRnc dist/assets/chunks
added QmUUMGRikfv6iE2HeS6jq2Mr6ostGZUseWh7Swc2Vm8ZDP dist/assets
added QmePb2ZYb3xSXeRPzf2ZU5ZXaYgmVpWLDoH3p3oNqH1BXL dist/docs
added QmZdE7oeXPaBTYHFHUGx4fDGpMagDUm1gBTwYdHAS1WWrw dist
added QmeSTdJAKsW6Q8xRZMPoEUb5RuE5JP9sz8zE8kYJMuDmQR dist/404.html
added QmVWnNE4DqkjcB7AgzBqSvVPbsbuWtdRdJzrGLgzfuRGsn dist/assets/app.DskhVK50.js
added QmNuZYE539sGQ2McxHigkCpUpLH6GkGtzrxArRtcSmAqC1 dist/assets/chunks/framework.BbU7e7kO.js
added Qma52Xb6eRDfhCXYcsodzqh7W5JrN2QhXyoL31cNmbJfgV dist/assets/chunks/theme.Dla1WH_9.js
added QmWGNwuzcJdTteRrFpRUgpNVcHTxW51pi9hJYKoRTNwrk2 dist/assets/index.md.CvI-Qjk7.js
added QmWGNwuzcJdTteRrFpRUgpNVcHTxW51pi9hJYKoRTNwrk2 dist/assets/index.md.CvI-Qjk7.lean.js
added QmccwemGH83Z4hz9f4DkqiuPQtHrWLshgjnJhbQc363ENm dist/assets/inter-italic-cyrillic-ext.r48I6akx.woff2
added Qme1ctiTYexwTyVXStP7ABVr2oaZW8jsNVR23GkNV4qBq5 dist/assets/inter-italic-cyrillic.By2_1cv3.woff2
added Qmf7hd285GUHYcca1QU1BaPkVVDQBidPaHfgiVXSsW9YFM dist/assets/inter-italic-greek-ext.1u6EdAuj.woff2
added QmYszKUiNptksAaR8hYDJ5rDAqNQWgur9WLjxh43mDqThS dist/assets/inter-italic-greek.DJ8dCoTZ.woff2
added QmWcZ8vpsEoByFEU13xB887yviHBHWJJvsFCdnSJrvTTfz dist/assets/inter-italic-latin-ext.CN1xVJS-.woff2
added QmTdzmnKcb33E1aAsJiAhM2qLdT9hHVCf3K7UFCoVBVgEi dist/assets/inter-italic-latin.C2AdPX0b.woff2
added QmYkoQCHnQkNRu6aNWSbezXm5mEYpg3arcgqv1uirk8eBe dist/assets/inter-italic-vietnamese.BSbpV94h.woff2
added QmXDTvtLtXMTUcJkaPwAKntayR5JAPb473Go7pAfmDxoeA dist/assets/inter-roman-cyrillic-ext.BBPuwvHQ.woff2
added QmdauABXsRXhGRC1aqUWvUMSg8b6onXTvRqpasTDyUeZvT dist/assets/inter-roman-cyrillic.C5lxZ8CY.woff2
added QmQfWo2SQhCTRkMpVccTxZhA4zB7CFRJoLGjXM8yFn5r6o dist/assets/inter-roman-greek-ext.CqjqNYQ-.woff2
added QmeRaH7yNyPzbHFVcKyfwDXEEMVshRp9iDRjY3J2kKFARt dist/assets/inter-roman-greek.BBVDIX6e.woff2
added QmP9hihN1R8XRBN23ZVBCqMJWzbCmX1NdxxatvsTME1VmM dist/assets/inter-roman-latin-ext.4ZJIpNVo.woff2
added QmWr2VyeosKaisyyh7QYwf8rqffPArMeX73zPq42tYGG3n dist/assets/inter-roman-latin.Di8DUHzh.woff2
added QmeihT6Si5D3pMZJvzYaYZQ7Q1qAbC6aujSdEaop2SgdJj dist/assets/inter-roman-vietnamese.BjW4sHH5.woff2
added QmUFxDzuAARXW3yEGrPp8AJWHGNcSCssBZmvWNUJ3ZZBBx dist/assets/style.CPTtGXsy.css
added QmZc6A3bmFZQ3XPGYcQyVcYpyjEpwZ6xxDKAm8iQeTCbmd dist/hashmap.json
added QmReg9PFRXiYAUgAdpHfgcLYbdroPJbxYeNYQ1BfxBTR1H dist/index.html
added QmYa8vADgnmpqVraRgn1hcuNTzMyNAZbrtKzRA1ySB5DB9 dist/vp-icons.css
added QmSA9ZsToBRSb4GHPTKV95x6yxkz3Ld2SX4aNcjB4Yk4kf dist/assets/chunks
added QmR4wEYSbXQgikkb7UDCRF4bMDfyuJ1NG4cJvuNHEYqetk dist/assets
added Qmd3aJHQDVD1nKTu5QW6aGk3iKr83JCLdy4gfqBcc8aFWP dist
added QmTTXUtY6EAWTLgwCSMzdMHz9S7WD1YZqZqMRj8znGe25h dist/404.html
added Qmbgbj9UKRihd9BaFwrMnhgnc5fn3LAR3GtSbXRePGcM7W dist/assets/app.Bxcvlh0Q.js
added QmXgpTnBpA8yTKsB82WbzCSmevG8y4ncruEpcpuaVQNybK dist/assets/chunks/framework.D1zehzEv.js
added QmeCybPxoHfSw5Evw69Cmdf7wCQs7rkb5gbYXQKip5Swwk dist/assets/chunks/theme.DHlXlNdu.js
added QmccwemGH83Z4hz9f4DkqiuPQtHrWLshgjnJhbQc363ENm dist/assets/inter-italic-cyrillic-ext.r48I6akx.woff2
added Qme1ctiTYexwTyVXStP7ABVr2oaZW8jsNVR23GkNV4qBq5 dist/assets/inter-italic-cyrillic.By2_1cv3.woff2
added Qmf7hd285GUHYcca1QU1BaPkVVDQBidPaHfgiVXSsW9YFM dist/assets/inter-italic-greek-ext.1u6EdAuj.woff2
added QmYszKUiNptksAaR8hYDJ5rDAqNQWgur9WLjxh43mDqThS dist/assets/inter-italic-greek.DJ8dCoTZ.woff2
added QmWcZ8vpsEoByFEU13xB887yviHBHWJJvsFCdnSJrvTTfz dist/assets/inter-italic-latin-ext.CN1xVJS-.woff2
added QmTdzmnKcb33E1aAsJiAhM2qLdT9hHVCf3K7UFCoVBVgEi dist/assets/inter-italic-latin.C2AdPX0b.woff2
added QmYkoQCHnQkNRu6aNWSbezXm5mEYpg3arcgqv1uirk8eBe dist/assets/inter-italic-vietnamese.BSbpV94h.woff2
added QmXDTvtLtXMTUcJkaPwAKntayR5JAPb473Go7pAfmDxoeA dist/assets/inter-roman-cyrillic-ext.BBPuwvHQ.woff2
added QmdauABXsRXhGRC1aqUWvUMSg8b6onXTvRqpasTDyUeZvT dist/assets/inter-roman-cyrillic.C5lxZ8CY.woff2
added QmQfWo2SQhCTRkMpVccTxZhA4zB7CFRJoLGjXM8yFn5r6o dist/assets/inter-roman-greek-ext.CqjqNYQ-.woff2
added QmeRaH7yNyPzbHFVcKyfwDXEEMVshRp9iDRjY3J2kKFARt dist/assets/inter-roman-greek.BBVDIX6e.woff2
added QmP9hihN1R8XRBN23ZVBCqMJWzbCmX1NdxxatvsTME1VmM dist/assets/inter-roman-latin-ext.4ZJIpNVo.woff2
added QmWr2VyeosKaisyyh7QYwf8rqffPArMeX73zPq42tYGG3n dist/assets/inter-roman-latin.Di8DUHzh.woff2
added QmeihT6Si5D3pMZJvzYaYZQ7Q1qAbC6aujSdEaop2SgdJj dist/assets/inter-roman-vietnamese.BjW4sHH5.woff2
added QmQGTLkseqLh592gU557WZwEu5Us9wtTem9DPv9PEJKruS dist/assets/style.DuelaFuT.css
added QmfSnGmfexFsLDkbgN76Qhx2W8sxrNDobFEQZ6ER5qg2wW dist/hashmap.json
added QmbFMke1KXqnYyBBWxB74N4c5SBnJMVAiMNRcGu6x1AwQH dist/vp-icons.css
added Qmcv4Ly8ZhRHiUB12iUvCwJnbxwDFvdC2UeUobeTq529YP dist/assets/chunks
added QmUJgFN64cRFrQNU96VnFceE2rrpAWaiiNcuq9eVjTw3Fk dist/assets
added QmdsezLKQFhMWdnJSnVMnfkR6Edf4LdsZcDC3Apido1i3s dist
added QmUeDZM33Cc4uECzBUrkk3GDBEeCJ3Bjjj5xPUevAHfBBm dist/404.html
added QmXBc44obx5vbKAiQFKzqSzeTfgGHsjrixNwPKZEqsPTyi dist/assets/app.C1CVNJOi.js
added QmXgpTnBpA8yTKsB82WbzCSmevG8y4ncruEpcpuaVQNybK dist/assets/chunks/framework.D1zehzEv.js
added Qmc4goaNCDKewJ4Uto7MjdFHxoJ7GzQVnBuiuFRaivAG2A dist/assets/chunks/theme.CavMNoVb.js
added QmccwemGH83Z4hz9f4DkqiuPQtHrWLshgjnJhbQc363ENm dist/assets/inter-italic-cyrillic-ext.r48I6akx.woff2
added Qme1ctiTYexwTyVXStP7ABVr2oaZW8jsNVR23GkNV4qBq5 dist/assets/inter-italic-cyrillic.By2_1cv3.woff2
added Qmf7hd285GUHYcca1QU1BaPkVVDQBidPaHfgiVXSsW9YFM dist/assets/inter-italic-greek-ext.1u6EdAuj.woff2
added QmYszKUiNptksAaR8hYDJ5rDAqNQWgur9WLjxh43mDqThS dist/assets/inter-italic-greek.DJ8dCoTZ.woff2
added QmWcZ8vpsEoByFEU13xB887yviHBHWJJvsFCdnSJrvTTfz dist/assets/inter-italic-latin-ext.CN1xVJS-.woff2
added QmTdzmnKcb33E1aAsJiAhM2qLdT9hHVCf3K7UFCoVBVgEi dist/assets/inter-italic-latin.C2AdPX0b.woff2
added QmYkoQCHnQkNRu6aNWSbezXm5mEYpg3arcgqv1uirk8eBe dist/assets/inter-italic-vietnamese.BSbpV94h.woff2
added QmXDTvtLtXMTUcJkaPwAKntayR5JAPb473Go7pAfmDxoeA dist/assets/inter-roman-cyrillic-ext.BBPuwvHQ.woff2
added QmdauABXsRXhGRC1aqUWvUMSg8b6onXTvRqpasTDyUeZvT dist/assets/inter-roman-cyrillic.C5lxZ8CY.woff2
added QmQfWo2SQhCTRkMpVccTxZhA4zB7CFRJoLGjXM8yFn5r6o dist/assets/inter-roman-greek-ext.CqjqNYQ-.woff2
added QmeRaH7yNyPzbHFVcKyfwDXEEMVshRp9iDRjY3J2kKFARt dist/assets/inter-roman-greek.BBVDIX6e.woff2
added QmP9hihN1R8XRBN23ZVBCqMJWzbCmX1NdxxatvsTME1VmM dist/assets/inter-roman-latin-ext.4ZJIpNVo.woff2
added QmWr2VyeosKaisyyh7QYwf8rqffPArMeX73zPq42tYGG3n dist/assets/inter-roman-latin.Di8DUHzh.woff2
added QmeihT6Si5D3pMZJvzYaYZQ7Q1qAbC6aujSdEaop2SgdJj dist/assets/inter-roman-vietnamese.BjW4sHH5.woff2
added QmQGTLkseqLh592gU557WZwEu5Us9wtTem9DPv9PEJKruS dist/assets/style.DuelaFuT.css
added QmfSnGmfexFsLDkbgN76Qhx2W8sxrNDobFEQZ6ER5qg2wW dist/hashmap.json
added QmbFMke1KXqnYyBBWxB74N4c5SBnJMVAiMNRcGu6x1AwQH dist/vp-icons.css
added QmZG6t7zs6gmoHeiqMnv8bUvqDCNwGYd8gTJnD3YKPRjLR dist/assets/chunks
added QmRZAyCD5J6JSfcLQPHvUhkBky4SmKUY9W1Q71dG9Xiq2F dist/assets
added QmNUFVbnqpwcFNPWv5PWcG3ktX4umPhYzddnL4tikdrvTP dist
added QmSp4jBSdqpwhUEgf7XXzXPVMUUKbs4ZXQDv4oJgZVmWSW dist/404.html
added QmbuokVq7opXoSNQL5AK276XK17GDirdxfmrvVsZQNHFWZ dist/assets/app.RaPeQIBn.js
added QmXgpTnBpA8yTKsB82WbzCSmevG8y4ncruEpcpuaVQNybK dist/assets/chunks/framework.D1zehzEv.js
added QmPx11ERUM2oQk2imUQt7ciTe4k5pmHGmAyo5EkhzmpcQf dist/assets/chunks/theme.YIgKNRW0.js
added QmccwemGH83Z4hz9f4DkqiuPQtHrWLshgjnJhbQc363ENm dist/assets/inter-italic-cyrillic-ext.r48I6akx.woff2
added Qme1ctiTYexwTyVXStP7ABVr2oaZW8jsNVR23GkNV4qBq5 dist/assets/inter-italic-cyrillic.By2_1cv3.woff2
added Qmf7hd285GUHYcca1QU1BaPkVVDQBidPaHfgiVXSsW9YFM dist/assets/inter-italic-greek-ext.1u6EdAuj.woff2
added QmYszKUiNptksAaR8hYDJ5rDAqNQWgur9WLjxh43mDqThS dist/assets/inter-italic-greek.DJ8dCoTZ.woff2
added QmWcZ8vpsEoByFEU13xB887yviHBHWJJvsFCdnSJrvTTfz dist/assets/inter-italic-latin-ext.CN1xVJS-.woff2
added QmTdzmnKcb33E1aAsJiAhM2qLdT9hHVCf3K7UFCoVBVgEi dist/assets/inter-italic-latin.C2AdPX0b.woff2
added QmYkoQCHnQkNRu6aNWSbezXm5mEYpg3arcgqv1uirk8eBe dist/assets/inter-italic-vietnamese.BSbpV94h.woff2
added QmXDTvtLtXMTUcJkaPwAKntayR5JAPb473Go7pAfmDxoeA dist/assets/inter-roman-cyrillic-ext.BBPuwvHQ.woff2
added QmdauABXsRXhGRC1aqUWvUMSg8b6onXTvRqpasTDyUeZvT dist/assets/inter-roman-cyrillic.C5lxZ8CY.woff2
added QmQfWo2SQhCTRkMpVccTxZhA4zB7CFRJoLGjXM8yFn5r6o dist/assets/inter-roman-greek-ext.CqjqNYQ-.woff2
added QmeRaH7yNyPzbHFVcKyfwDXEEMVshRp9iDRjY3J2kKFARt dist/assets/inter-roman-greek.BBVDIX6e.woff2
added QmP9hihN1R8XRBN23ZVBCqMJWzbCmX1NdxxatvsTME1VmM dist/assets/inter-roman-latin-ext.4ZJIpNVo.woff2
added QmWr2VyeosKaisyyh7QYwf8rqffPArMeX73zPq42tYGG3n dist/assets/inter-roman-latin.Di8DUHzh.woff2
added QmeihT6Si5D3pMZJvzYaYZQ7Q1qAbC6aujSdEaop2SgdJj dist/assets/inter-roman-vietnamese.BjW4sHH5.woff2
added QmbhJX2niJFf1ngdcPNE5fEGj2CmdWRX4F9gNc2T38vecG dist/assets/style.DL1IFqgB.css
added QmfSnGmfexFsLDkbgN76Qhx2W8sxrNDobFEQZ6ER5qg2wW dist/hashmap.json
added QmbFMke1KXqnYyBBWxB74N4c5SBnJMVAiMNRcGu6x1AwQH dist/vp-icons.css
added QmWCg2ecqQgsSXp6snf2fLCFVicNggWuKnydAgbgN5uf9X dist/assets/chunks
added QmPehhqhM1e8dv4M77aCVZdc6yg1wLNfT1eFN5dyNhYRwa dist/assets
added QmXsTpf1neuRHqdUWHDVyquCaUg9fbaeR7EvpZQy5NWXSc dist
[{ts}] {event}
[{ts}] {event}
[{ts}] {event}
[{ts}] {event}
[{ts}] {event}
[{ts}] {event}
[{ts}] {event}
[{ts}] {event}
[{ts}] {event}
[{ts}] {event}
[{ts}] {event}
[{ts}] {event}
[{ts}] {event}
[{ts}] {event}
[{ts}] {event}
[{ts}] {event}
[{ts}] {event}
[{ts}] {event}
[{ts}] {event}
[{ts}] {event}
[{ts}] {event}
[{ts}] {event}
[{ts}] {event}
[{ts}] {event}
[{ts}] {event}
[{ts}] {event}
[{ts}] {event}
[{ts}] {event}
[{ts}] {event}
[{ts}] {event}
[{ts}] {event}
[{ts}] {event}
[{ts}] {event}
[2025-05-20T14:26:45.498280+00:00] DAO_VOTE_ENVELOPES_INITIALIZED::ΣΩΩ.5.4
[2025-05-20T14:27:38.713259+00:00] DAO_VOTE_ENVELOPES_INITIALIZED::ΣΩΩ.5.4
[2025-05-20T14:29:24.965770+00:00] DAO_VOTE_ENVELOPES_INITIALIZED::ΣΩΩ.5.4
[{ts}] {event}
[{ts}] {event}
[{ts}] {event}
[{ts}] {event}
[{ts}] {event}
[{ts}] {event}
[{ts}] {event}
[{ts}] {event}
[{ts}] {event}
[{ts}] {event}
[{ts}] {event}
[{ts}] {event}
[{ts}] {event}
[{ts}] {event}
[{ts}] {event}
[{ts}] {event}
[{ts}] {event}
[{ts}] {event}
[{ts}] {event}
[{ts}] {event}
[{ts}] {event}
[{ts}] {event}
[2025-05-20T16:22:18.034028+00:00] DAO_VOTE_ENVELOPES_INITIALIZED::ΣΩΩ.5.4
{"timestamp": "2025-05-20T16:23:32.867533Z", "event": {"action": "init_dao_vote_batch", "epoch": "ΣΩΩ.5.4", "vote_batch": "C:\\DFT_GCC_TRIAD_MAINSTACK\\ARC.SOVEREIGN.GENESIS\\vote_records\\ΣΩΩ.5.4\\init_vote_batch.json", "envelopes": 11}}
[2025-05-20T16:23:39.574581+00:00] DAO_VOTE_ENVELOPES_INITIALIZED::ΣΩΩ.5.4
[2025-05-21T14:52:08.007033+00:00] STRUCTURED_EDIT_SESSION::blog
[2025-05-21T14:52:09.947827+00:00] STRUCTURED_EDIT_SESSION::civic
[2025-05-21T14:52:13.653535+00:00] STRUCTURED_EDIT_SESSION::civic.digital-fabrica.com
[2025-05-21T14:52:19.731730+00:00] STRUCTURED_EDIT_SESSION::fabrics
[2025-05-21T14:52:35.875493+00:00] STRUCTURED_EDIT_SESSION::ip.digital-fabrica.com
[2025-05-21T14:52:45.911925+00:00] STRUCTURED_EDIT_SESSION::ip.digital-fabrica.com.bak
[2025-05-21T14:52:52.757049+00:00] STRUCTURED_EDIT_SESSION::iptest.digital-fabrica.com
[2025-05-21T14:53:01.641418+00:00] STRUCTURED_EDIT_SESSION::media.digital-fabrica.com
[2025-05-21T14:53:13.072742+00:00] STRUCTURED_EDIT_SESSION::monad.digital-fabrica.com
[2025-05-21T14:53:24.392281+00:00] STRUCTURED_EDIT_SESSION::qic.digital-fabrica.com
[2025-05-21T14:53:39.209558+00:00] STRUCTURED_EDIT_SESSION::tc.digital-fabrica.com
[2025-05-21T14:54:00.483804+00:00] STRUCTURED_EDIT_SESSION::whitepaper
[2025-05-21T14:54:01.227068+00:00] WINDSURF_STACK_PREVIEW_ALL_MESH_DOMAINS
[2025-05-21T15:35:32.688126+00:00] PREVIEW_TRIGGERED::blog::PORT:5180
[2025-05-21T15:35:35.378534+00:00] STRUCTURED_EDIT_SESSION::blog
[2025-05-21T15:35:35.380247+00:00] PREVIEW_TRIGGERED::civic::PORT:5181
[2025-05-21T15:35:39.426037+00:00] STRUCTURED_EDIT_SESSION::civic
[2025-05-21T15:35:39.433900+00:00] PREVIEW_TRIGGERED::civic.digital-fabrica.com::PORT:5182
[2025-05-21T15:35:45.080726+00:00] STRUCTURED_EDIT_SESSION::civic.digital-fabrica.com
[2025-05-21T15:35:45.086742+00:00] PREVIEW_TRIGGERED::fabrics::PORT:5183
[2025-05-21T15:35:49.713723+00:00] STRUCTURED_EDIT_SESSION::fabrics
[2025-05-21T15:35:49.717556+00:00] PREVIEW_TRIGGERED::ip.digital-fabrica.com::PORT:5184
[2025-05-21T15:35:58.638625+00:00] STRUCTURED_EDIT_SESSION::ip.digital-fabrica.com
[2025-05-21T15:35:58.641113+00:00] PREVIEW_TRIGGERED::ip.digital-fabrica.com.bak::PORT:5185
[2025-05-21T15:36:16.686022+00:00] STRUCTURED_EDIT_SESSION::ip.digital-fabrica.com.bak
[2025-05-21T15:36:16.688340+00:00] PREVIEW_TRIGGERED::iptest.digital-fabrica.com::PORT:5186
[2025-05-21T15:37:01.061371+00:00] STRUCTURED_EDIT_SESSION::iptest.digital-fabrica.com
[2025-05-21T15:37:01.062728+00:00] PREVIEW_TRIGGERED::media.digital-fabrica.com::PORT:5187
[2025-05-21T15:37:15.438328+00:00] STRUCTURED_EDIT_SESSION::media.digital-fabrica.com
[2025-05-21T15:37:15.439973+00:00] PREVIEW_TRIGGERED::monad.digital-fabrica.com::PORT:5188
[2025-05-21T15:37:29.802027+00:00] STRUCTURED_EDIT_SESSION::monad.digital-fabrica.com
[2025-05-21T15:37:29.805228+00:00] PREVIEW_TRIGGERED::qic.digital-fabrica.com::PORT:5189
[2025-05-21T15:37:48.749451+00:00] STRUCTURED_EDIT_SESSION::qic.digital-fabrica.com
[2025-05-21T15:37:48.753683+00:00] PREVIEW_TRIGGERED::tc.digital-fabrica.com::PORT:5190
[2025-05-21T15:38:04.439480+00:00] STRUCTURED_EDIT_SESSION::tc.digital-fabrica.com
[2025-05-21T15:38:04.441871+00:00] PREVIEW_TRIGGERED::whitepaper::PORT:5191
[2025-05-21T15:38:14.405693+00:00] STRUCTURED_EDIT_SESSION::whitepaper
[2025-05-21T15:38:14.736941+00:00] WINDSURF_STACK_PREVIEW_ALL_MESH_DOMAINS
