--- Starting Domain Sync for Epoch ΣΩΩ.5.4 at 2025-05-20T15:36:56.5940322+03:00 ---
{"Service":"N/A","Action":"StartInitialization","Timestamp":"2025-05-20T15:36:57.4133393+03:00","Status":"INFO","Details":"Status: active","Epoch":"ΣΩΩ.5.4","Domain":"digital-fabrica.com"}
{"Service":"web","Action":"SimulateDockerPull","Timestamp":"2025-05-20T15:36:57.7319463+03:00","Status":"SIMULATED_SUCCESS","Details":"Pulling generic image nginx:latest","Epoch":"ΣΩΩ.5.4","Domain":"digital-fabrica.com"}
{"Service":"web","Action":"SimulateDockerRun","Timestamp":"2025-05-20T15:36:57.7701585+03:00","Status":"SIMULATED_SUCCESS","Details":"Running generic image nginx:latest with config (Port: 80)","Epoch":"ΣΩΩ.5.4","Domain":"digital-fabrica.com"}
{"Service":"api","Action":"SimulateDockerPull","Timestamp":"2025-05-20T15:36:57.8070301+03:00","Status":"SIMULATED_SUCCESS","Details":"Pulling image fabrica-api:1.2.0 (Version: 1.2.0, Checksum: sim_sha256_fabrica_api_120)","Epoch":"ΣΩΩ.5.4","Domain":"digital-fabrica.com"}
{"Service":"api","Action":"SimulateDockerRun","Timestamp":"2025-05-20T15:36:57.8317851+03:00","Status":"SIMULATED_SUCCESS","Details":"Running image fabrica-api:1.2.0 with config (Port: 8080)","Epoch":"ΣΩΩ.5.4","Domain":"digital-fabrica.com"}
{"Service":"dao_canister","Action":"SimulateDockerPull","Timestamp":"2025-05-20T15:36:57.9227505+03:00","Status":"SIMULATED_SUCCESS","Details":"Pulling image  (Version: 0.8.0, Checksum: )","Epoch":"ΣΩΩ.5.4","Domain":"digital-fabrica.com"}
{"Service":"dao_canister","Action":"SimulateDockerRun","Timestamp":"2025-05-20T15:36:57.9354020+03:00","Status":"SIMULATED_SUCCESS","Details":"Running image  with config (Port: )","Epoch":"ΣΩΩ.5.4","Domain":"digital-fabrica.com"}
{"Service":"N/A","Action":"EndInitialization","Timestamp":"2025-05-20T15:36:57.9664495+03:00","Status":"INFO","Details":"Successfully processed.","Epoch":"ΣΩΩ.5.4","Domain":"digital-fabrica.com"}
{"Service":"N/A","Action":"StartInitialization","Timestamp":"2025-05-20T15:36:58.0287633+03:00","Status":"INFO","Details":"Status: active","Epoch":"ΣΩΩ.5.4","Domain":"g-i-l-c.com"}
{"Service":"web","Action":"SimulateDockerPull","Timestamp":"2025-05-20T15:36:58.0638116+03:00","Status":"SIMULATED_SUCCESS","Details":"Pulling generic image nginx:latest","Epoch":"ΣΩΩ.5.4","Domain":"g-i-l-c.com"}
{"Service":"web","Action":"SimulateDockerRun","Timestamp":"2025-05-20T15:36:58.0914376+03:00","Status":"SIMULATED_SUCCESS","Details":"Running generic image nginx:latest with config (Port: 80)","Epoch":"ΣΩΩ.5.4","Domain":"g-i-l-c.com"}
{"Service":"api","Action":"SimulateDockerPull","Timestamp":"2025-05-20T15:36:58.1336904+03:00","Status":"SIMULATED_SUCCESS","Details":"Pulling image gilc-api:1.0.0 (Version: 1.0.0, Checksum: sim_sha256_gilc_api_100)","Epoch":"ΣΩΩ.5.4","Domain":"g-i-l-c.com"}
{"Service":"api","Action":"SimulateDockerRun","Timestamp":"2025-05-20T15:36:58.1731743+03:00","Status":"SIMULATED_SUCCESS","Details":"Running image gilc-api:1.0.0 with config (Port: 8080)","Epoch":"ΣΩΩ.5.4","Domain":"g-i-l-c.com"}
{"Service":"dao_canister","Action":"SimulateDockerPull","Timestamp":"2025-05-20T15:36:58.2686339+03:00","Status":"SIMULATED_SUCCESS","Details":"Pulling image  (Version: 0.8.0, Checksum: )","Epoch":"ΣΩΩ.5.4","Domain":"g-i-l-c.com"}
{"Service":"dao_canister","Action":"SimulateDockerRun","Timestamp":"2025-05-20T15:36:58.3070006+03:00","Status":"SIMULATED_SUCCESS","Details":"Running image  with config (Port: )","Epoch":"ΣΩΩ.5.4","Domain":"g-i-l-c.com"}
{"Service":"N/A","Action":"EndInitialization","Timestamp":"2025-05-20T15:36:58.4003203+03:00","Status":"INFO","Details":"Successfully processed.","Epoch":"ΣΩΩ.5.4","Domain":"g-i-l-c.com"}
{"Service":"N/A","Action":"StartInitialization","Timestamp":"2025-05-20T15:36:58.4209136+03:00","Status":"INFO","Details":"Status: pending","Epoch":"ΣΩΩ.5.4","Domain":"citizen.solar"}
{"Service":"N/A","Action":"SkipDeployment","Timestamp":"2025-05-20T15:36:58.4841908+03:00","Status":"WARN","Details":"Domain status is pending","Epoch":"ΣΩΩ.5.4","Domain":"citizen.solar"}
{"Service":"N/A","Action":"StartInitialization","Timestamp":"2025-05-20T15:36:58.5093313+03:00","Status":"INFO","Details":"Status: active","Epoch":"ΣΩΩ.5.4","Domain":"yellowchain.org"}
{"Service":"web","Action":"SimulateDockerPull","Timestamp":"2025-05-20T15:36:58.5441973+03:00","Status":"SIMULATED_SUCCESS","Details":"Pulling generic image nginx:latest","Epoch":"ΣΩΩ.5.4","Domain":"yellowchain.org"}
{"Service":"web","Action":"SimulateDockerRun","Timestamp":"2025-05-20T15:36:58.5729532+03:00","Status":"SIMULATED_SUCCESS","Details":"Running generic image nginx:latest with config (Port: 80)","Epoch":"ΣΩΩ.5.4","Domain":"yellowchain.org"}
{"Service":"ledger_api","Action":"SimulateDockerPull","Timestamp":"2025-05-20T15:36:58.6032657+03:00","Status":"SIMULATED_SUCCESS","Details":"Pulling image yellowchain-ledger:0.5.0 (Version: 0.5.0, Checksum: sim_sha256_yc_ledger_050)","Epoch":"ΣΩΩ.5.4","Domain":"yellowchain.org"}
{"Service":"ledger_api","Action":"SimulateDockerRun","Timestamp":"2025-05-20T15:36:58.6330958+03:00","Status":"SIMULATED_SUCCESS","Details":"Running image yellowchain-ledger:0.5.0 with config (Port: 9000)","Epoch":"ΣΩΩ.5.4","Domain":"yellowchain.org"}
{"Service":"dao_canister","Action":"SimulateDockerPull","Timestamp":"2025-05-20T15:36:58.6764531+03:00","Status":"SIMULATED_SUCCESS","Details":"Pulling image  (Version: 0.8.0, Checksum: )","Epoch":"ΣΩΩ.5.4","Domain":"yellowchain.org"}
{"Service":"dao_canister","Action":"SimulateDockerRun","Timestamp":"2025-05-20T15:36:58.7124412+03:00","Status":"SIMULATED_SUCCESS","Details":"Running image  with config (Port: )","Epoch":"ΣΩΩ.5.4","Domain":"yellowchain.org"}
{"Service":"N/A","Action":"EndInitialization","Timestamp":"2025-05-20T15:36:58.7418418+03:00","Status":"INFO","Details":"Successfully processed.","Epoch":"ΣΩΩ.5.4","Domain":"yellowchain.org"}
{"Service":"N/A","Action":"StartInitialization","Timestamp":"2025-05-20T15:36:58.7919485+03:00","Status":"INFO","Details":"Status: active","Epoch":"ΣΩΩ.5.4","Domain":"renewable-exchange.com"}
{"Service":"web","Action":"SimulateDockerPull","Timestamp":"2025-05-20T15:36:58.8634644+03:00","Status":"SIMULATED_SUCCESS","Details":"Pulling generic image nginx:latest","Epoch":"ΣΩΩ.5.4","Domain":"renewable-exchange.com"}
{"Service":"web","Action":"SimulateDockerRun","Timestamp":"2025-05-20T15:36:58.9244228+03:00","Status":"SIMULATED_SUCCESS","Details":"Running generic image nginx:latest with config (Port: 80)","Epoch":"ΣΩΩ.5.4","Domain":"renewable-exchange.com"}
{"Service":"exchange_core","Action":"SimulateDockerPull","Timestamp":"2025-05-20T15:36:58.9621030+03:00","Status":"SIMULATED_SUCCESS","Details":"Pulling image rex-core:2.1.0 (Version: 2.1.0, Checksum: sim_sha256_rex_core_210)","Epoch":"ΣΩΩ.5.4","Domain":"renewable-exchange.com"}
{"Service":"exchange_core","Action":"SimulateDockerRun","Timestamp":"2025-05-20T15:36:59.0180666+03:00","Status":"SIMULATED_SUCCESS","Details":"Running image rex-core:2.1.0 with config (Port: 7000)","Epoch":"ΣΩΩ.5.4","Domain":"renewable-exchange.com"}
{"Service":"dao_canister","Action":"SimulateDockerPull","Timestamp":"2025-05-20T15:36:59.0860642+03:00","Status":"SIMULATED_SUCCESS","Details":"Pulling image  (Version: 0.8.0, Checksum: )","Epoch":"ΣΩΩ.5.4","Domain":"renewable-exchange.com"}
{"Service":"dao_canister","Action":"SimulateDockerRun","Timestamp":"2025-05-20T15:36:59.1620619+03:00","Status":"SIMULATED_SUCCESS","Details":"Running image  with config (Port: )","Epoch":"ΣΩΩ.5.4","Domain":"renewable-exchange.com"}
{"Service":"N/A","Action":"EndInitialization","Timestamp":"2025-05-20T15:36:59.1979241+03:00","Status":"INFO","Details":"Successfully processed.","Epoch":"ΣΩΩ.5.4","Domain":"renewable-exchange.com"}
{"Service":"N/A","Action":"StartInitialization","Timestamp":"2025-05-20T15:36:59.2264535+03:00","Status":"INFO","Details":"Status: active","Epoch":"ΣΩΩ.5.4","Domain":"harvest-exchange.com"}
{"Service":"web","Action":"SimulateDockerPull","Timestamp":"2025-05-20T15:36:59.2907124+03:00","Status":"SIMULATED_SUCCESS","Details":"Pulling generic image nginx:latest","Epoch":"ΣΩΩ.5.4","Domain":"harvest-exchange.com"}
{"Service":"web","Action":"SimulateDockerRun","Timestamp":"2025-05-20T15:36:59.3264750+03:00","Status":"SIMULATED_SUCCESS","Details":"Running generic image nginx:latest with config (Port: 80)","Epoch":"ΣΩΩ.5.4","Domain":"harvest-exchange.com"}
{"Service":"data_processor","Action":"SimulateDockerPull","Timestamp":"2025-05-20T15:36:59.3731996+03:00","Status":"SIMULATED_SUCCESS","Details":"Pulling image harvex-processor:1.8.5 (Version: 1.8.5, Checksum: sim_sha256_harvex_proc_185)","Epoch":"ΣΩΩ.5.4","Domain":"harvest-exchange.com"}
{"Service":"data_processor","Action":"SimulateDockerRun","Timestamp":"2025-05-20T15:36:59.4179081+03:00","Status":"SIMULATED_SUCCESS","Details":"Running image harvex-processor:1.8.5 with config (Port: 6000)","Epoch":"ΣΩΩ.5.4","Domain":"harvest-exchange.com"}
{"Service":"dao_canister","Action":"SimulateDockerPull","Timestamp":"2025-05-20T15:36:59.4696767+03:00","Status":"SIMULATED_SUCCESS","Details":"Pulling image  (Version: 0.8.0, Checksum: )","Epoch":"ΣΩΩ.5.4","Domain":"harvest-exchange.com"}
{"Service":"dao_canister","Action":"SimulateDockerRun","Timestamp":"2025-05-20T15:36:59.5019633+03:00","Status":"SIMULATED_SUCCESS","Details":"Running image  with config (Port: )","Epoch":"ΣΩΩ.5.4","Domain":"harvest-exchange.com"}
{"Service":"N/A","Action":"EndInitialization","Timestamp":"2025-05-20T15:36:59.5280240+03:00","Status":"INFO","Details":"Successfully processed.","Epoch":"ΣΩΩ.5.4","Domain":"harvest-exchange.com"}
{"Service":"ArtifactSync","Action":"CopyArtifact","Timestamp":"2025-05-20T15:36:59.6687927+03:00","Status":"SUCCESS","Details":"Copied registry.json to log directory.","Epoch":"ΣΩΩ.5.4","Domain":"GLOBAL"}
{"Service":"ArtifactSync","Action":"CopyArtifact","Timestamp":"2025-05-20T15:36:59.7703190+03:00","Status":"SUCCESS","Details":"Copied manifest_content.json to log directory.","Epoch":"ΣΩΩ.5.4","Domain":"GLOBAL"}
{"Service":"ArtifactSync","Action":"CopyArtifact","Timestamp":"2025-05-20T15:36:59.9011399+03:00","Status":"SUCCESS","Details":"Copied manifest.cid to log directory.","Epoch":"ΣΩΩ.5.4","Domain":"GLOBAL"}
{"Service":"ArtifactSync","Action":"CopyArtifact","Timestamp":"2025-05-20T15:36:59.9988382+03:00","Status":"SUCCESS","Details":"Copied epoch.sig to log directory.","Epoch":"ΣΩΩ.5.4","Domain":"GLOBAL"}
--- Completed Domain Sync for Epoch ΣΩΩ.5.4 at 2025-05-20T15:37:00.0324827+03:00 ---
