2025-05-13T08:28:50.3218561+03:00 - SIMULATED Start container for digital-fabrica.com @ CID: QmDFabc...
2025-05-13T08:28:50.3468165+03:00 - SIMULATED Start container for g-i-l-c.com @ CID: QmGILCdef...
2025-05-13T08:28:50.3728675+03:00 - SIMULATED Start container for citizen.solar @ CID: QmCSghi...
2025-05-13T08:28:50.3966989+03:00 - SIMULATED Start container for yellowchain.org @ CID: QmYCjkl...
2025-05-13T08:28:50.4385972+03:00 - SIMULATED Start container for renewable-exchange.com @ CID: QmREmno...
2025-05-13T08:28:50.4755357+03:00 - SIMULATED Start container for harvest-exchange.com @ CID: QmHEpqr...
--- Starting Domain Sync for Epoch SO4 at 2025-05-13T08:59:08.8351135+03:00 ---
{"Service":"N/A","Status":"INFO","Action":"StartInitialization","Timestamp":"2025-05-13T08:59:08.9153586+03:00","Details":"Status: active","Epoch":"SO4","Domain":"digital-fabrica.com"}
{"Service":"web","Status":"SIMULATED_SUCCESS","Action":"SimulateDockerPull","Timestamp":"2025-05-13T08:59:09.0566931+03:00","Details":"Pulling generic image nginx:latest","Epoch":"SO4","Domain":"digital-fabrica.com"}
{"Service":"web","Status":"SIMULATED_SUCCESS","Action":"SimulateDockerRun","Timestamp":"2025-05-13T08:59:09.1031254+03:00","Details":"Running generic image nginx:latest with config (Port: 80)","Epoch":"SO4","Domain":"digital-fabrica.com"}
{"Service":"api","Status":"SIMULATED_SUCCESS","Action":"SimulateDockerPull","Timestamp":"2025-05-13T08:59:09.1614541+03:00","Details":"Pulling image fabrica-api:1.2.0 (Version: 1.2.0, Checksum: sim_sha256_fabrica_api_120)","Epoch":"SO4","Domain":"digital-fabrica.com"}
{"Service":"api","Status":"SIMULATED_SUCCESS","Action":"SimulateDockerRun","Timestamp":"2025-05-13T08:59:09.2040202+03:00","Details":"Running image fabrica-api:1.2.0 with config (Port: 8080)","Epoch":"SO4","Domain":"digital-fabrica.com"}
{"Service":"dao_canister","Status":"SIMULATED_SUCCESS","Action":"SimulateDockerPull","Timestamp":"2025-05-13T08:59:09.2655288+03:00","Details":"Pulling image  (Version: 0.8.0, Checksum: )","Epoch":"SO4","Domain":"digital-fabrica.com"}
{"Service":"dao_canister","Status":"SIMULATED_SUCCESS","Action":"SimulateDockerRun","Timestamp":"2025-05-13T08:59:09.3284808+03:00","Details":"Running image  with config (Port: )","Epoch":"SO4","Domain":"digital-fabrica.com"}
{"Service":"N/A","Status":"INFO","Action":"EndInitialization","Timestamp":"2025-05-13T08:59:09.3842977+03:00","Details":"Successfully processed.","Epoch":"SO4","Domain":"digital-fabrica.com"}
{"Service":"N/A","Status":"INFO","Action":"StartInitialization","Timestamp":"2025-05-13T08:59:09.4524016+03:00","Details":"Status: active","Epoch":"SO4","Domain":"g-i-l-c.com"}
{"Service":"web","Status":"SIMULATED_SUCCESS","Action":"SimulateDockerPull","Timestamp":"2025-05-13T08:59:09.5076249+03:00","Details":"Pulling generic image nginx:latest","Epoch":"SO4","Domain":"g-i-l-c.com"}
{"Service":"web","Status":"SIMULATED_SUCCESS","Action":"SimulateDockerRun","Timestamp":"2025-05-13T08:59:09.5858692+03:00","Details":"Running generic image nginx:latest with config (Port: 80)","Epoch":"SO4","Domain":"g-i-l-c.com"}
{"Service":"api","Status":"SIMULATED_SUCCESS","Action":"SimulateDockerPull","Timestamp":"2025-05-13T08:59:09.6608453+03:00","Details":"Pulling image gilc-api:1.0.0 (Version: 1.0.0, Checksum: sim_sha256_gilc_api_100)","Epoch":"SO4","Domain":"g-i-l-c.com"}
{"Service":"api","Status":"SIMULATED_SUCCESS","Action":"SimulateDockerRun","Timestamp":"2025-05-13T08:59:09.7564105+03:00","Details":"Running image gilc-api:1.0.0 with config (Port: 8080)","Epoch":"SO4","Domain":"g-i-l-c.com"}
{"Service":"dao_canister","Status":"SIMULATED_SUCCESS","Action":"SimulateDockerPull","Timestamp":"2025-05-13T08:59:09.8101653+03:00","Details":"Pulling image  (Version: 0.8.0, Checksum: )","Epoch":"SO4","Domain":"g-i-l-c.com"}
{"Service":"dao_canister","Status":"SIMULATED_SUCCESS","Action":"SimulateDockerRun","Timestamp":"2025-05-13T08:59:09.8883059+03:00","Details":"Running image  with config (Port: )","Epoch":"SO4","Domain":"g-i-l-c.com"}
{"Service":"N/A","Status":"INFO","Action":"EndInitialization","Timestamp":"2025-05-13T08:59:09.9375911+03:00","Details":"Successfully processed.","Epoch":"SO4","Domain":"g-i-l-c.com"}
{"Service":"N/A","Status":"INFO","Action":"StartInitialization","Timestamp":"2025-05-13T08:59:09.9740721+03:00","Details":"Status: pending","Epoch":"SO4","Domain":"citizen.solar"}
{"Service":"N/A","Status":"WARN","Action":"SkipDeployment","Timestamp":"2025-05-13T08:59:10.0161866+03:00","Details":"Domain status is pending","Epoch":"SO4","Domain":"citizen.solar"}
{"Service":"N/A","Status":"INFO","Action":"StartInitialization","Timestamp":"2025-05-13T08:59:10.1274411+03:00","Details":"Status: active","Epoch":"SO4","Domain":"yellowchain.org"}
{"Service":"web","Status":"SIMULATED_SUCCESS","Action":"SimulateDockerPull","Timestamp":"2025-05-13T08:59:10.1945897+03:00","Details":"Pulling generic image nginx:latest","Epoch":"SO4","Domain":"yellowchain.org"}
{"Service":"web","Status":"SIMULATED_SUCCESS","Action":"SimulateDockerRun","Timestamp":"2025-05-13T08:59:10.2380463+03:00","Details":"Running generic image nginx:latest with config (Port: 80)","Epoch":"SO4","Domain":"yellowchain.org"}
{"Service":"ledger_api","Status":"SIMULATED_SUCCESS","Action":"SimulateDockerPull","Timestamp":"2025-05-13T08:59:10.2747824+03:00","Details":"Pulling image yellowchain-ledger:0.5.0 (Version: 0.5.0, Checksum: sim_sha256_yc_ledger_050)","Epoch":"SO4","Domain":"yellowchain.org"}
{"Service":"ledger_api","Status":"SIMULATED_SUCCESS","Action":"SimulateDockerRun","Timestamp":"2025-05-13T08:59:10.3266948+03:00","Details":"Running image yellowchain-ledger:0.5.0 with config (Port: 9000)","Epoch":"SO4","Domain":"yellowchain.org"}
{"Service":"dao_canister","Status":"SIMULATED_SUCCESS","Action":"SimulateDockerPull","Timestamp":"2025-05-13T08:59:10.3781602+03:00","Details":"Pulling image  (Version: 0.8.0, Checksum: )","Epoch":"SO4","Domain":"yellowchain.org"}
{"Service":"dao_canister","Status":"SIMULATED_SUCCESS","Action":"SimulateDockerRun","Timestamp":"2025-05-13T08:59:10.4245591+03:00","Details":"Running image  with config (Port: )","Epoch":"SO4","Domain":"yellowchain.org"}
{"Service":"N/A","Status":"INFO","Action":"EndInitialization","Timestamp":"2025-05-13T08:59:10.4751493+03:00","Details":"Successfully processed.","Epoch":"SO4","Domain":"yellowchain.org"}
{"Service":"N/A","Status":"INFO","Action":"StartInitialization","Timestamp":"2025-05-13T08:59:10.5415810+03:00","Details":"Status: active","Epoch":"SO4","Domain":"renewable-exchange.com"}
{"Service":"web","Status":"SIMULATED_SUCCESS","Action":"SimulateDockerPull","Timestamp":"2025-05-13T08:59:10.5894136+03:00","Details":"Pulling generic image nginx:latest","Epoch":"SO4","Domain":"renewable-exchange.com"}
{"Service":"web","Status":"SIMULATED_SUCCESS","Action":"SimulateDockerRun","Timestamp":"2025-05-13T08:59:10.6550815+03:00","Details":"Running generic image nginx:latest with config (Port: 80)","Epoch":"SO4","Domain":"renewable-exchange.com"}
{"Service":"exchange_core","Status":"SIMULATED_SUCCESS","Action":"SimulateDockerPull","Timestamp":"2025-05-13T08:59:11.7421481+03:00","Details":"Pulling image rex-core:2.1.0 (Version: 2.1.0, Checksum: sim_sha256_rex_core_210)","Epoch":"SO4","Domain":"renewable-exchange.com"}
{"Service":"exchange_core","Status":"SIMULATED_SUCCESS","Action":"SimulateDockerRun","Timestamp":"2025-05-13T08:59:13.7237020+03:00","Details":"Running image rex-core:2.1.0 with config (Port: 7000)","Epoch":"SO4","Domain":"renewable-exchange.com"}
{"Service":"dao_canister","Status":"SIMULATED_SUCCESS","Action":"SimulateDockerPull","Timestamp":"2025-05-13T08:59:15.4423183+03:00","Details":"Pulling image  (Version: 0.8.0, Checksum: )","Epoch":"SO4","Domain":"renewable-exchange.com"}
{"Service":"dao_canister","Status":"SIMULATED_SUCCESS","Action":"SimulateDockerRun","Timestamp":"2025-05-13T08:59:16.0797011+03:00","Details":"Running image  with config (Port: )","Epoch":"SO4","Domain":"renewable-exchange.com"}
{"Service":"N/A","Status":"INFO","Action":"EndInitialization","Timestamp":"2025-05-13T08:59:16.2860191+03:00","Details":"Successfully processed.","Epoch":"SO4","Domain":"renewable-exchange.com"}
{"Service":"N/A","Status":"INFO","Action":"StartInitialization","Timestamp":"2025-05-13T08:59:16.8131573+03:00","Details":"Status: active","Epoch":"SO4","Domain":"harvest-exchange.com"}
{"Service":"web","Status":"SIMULATED_SUCCESS","Action":"SimulateDockerPull","Timestamp":"2025-05-13T08:59:16.8946226+03:00","Details":"Pulling generic image nginx:latest","Epoch":"SO4","Domain":"harvest-exchange.com"}
{"Service":"web","Status":"SIMULATED_SUCCESS","Action":"SimulateDockerRun","Timestamp":"2025-05-13T08:59:17.1843078+03:00","Details":"Running generic image nginx:latest with config (Port: 80)","Epoch":"SO4","Domain":"harvest-exchange.com"}
{"Service":"data_processor","Status":"SIMULATED_SUCCESS","Action":"SimulateDockerPull","Timestamp":"2025-05-13T08:59:17.8996638+03:00","Details":"Pulling image harvex-processor:1.8.5 (Version: 1.8.5, Checksum: sim_sha256_harvex_proc_185)","Epoch":"SO4","Domain":"harvest-exchange.com"}
{"Service":"data_processor","Status":"SIMULATED_SUCCESS","Action":"SimulateDockerRun","Timestamp":"2025-05-13T08:59:18.7445295+03:00","Details":"Running image harvex-processor:1.8.5 with config (Port: 6000)","Epoch":"SO4","Domain":"harvest-exchange.com"}
{"Service":"dao_canister","Status":"SIMULATED_SUCCESS","Action":"SimulateDockerPull","Timestamp":"2025-05-13T08:59:19.1408270+03:00","Details":"Pulling image  (Version: 0.8.0, Checksum: )","Epoch":"SO4","Domain":"harvest-exchange.com"}
{"Service":"dao_canister","Status":"SIMULATED_SUCCESS","Action":"SimulateDockerRun","Timestamp":"2025-05-13T08:59:20.0217862+03:00","Details":"Running image  with config (Port: )","Epoch":"SO4","Domain":"harvest-exchange.com"}
{"Service":"N/A","Status":"INFO","Action":"EndInitialization","Timestamp":"2025-05-13T08:59:20.0273765+03:00","Details":"Successfully processed.","Epoch":"SO4","Domain":"harvest-exchange.com"}
{"Service":"ArtifactSync","Status":"SUCCESS","Action":"CopyArtifact","Timestamp":"2025-05-13T08:59:20.7965851+03:00","Details":"Copied registry.json to log directory.","Epoch":"SO4","Domain":"GLOBAL"}
{"Service":"ArtifactSync","Status":"SUCCESS","Action":"CopyArtifact","Timestamp":"2025-05-13T08:59:22.4966236+03:00","Details":"Copied manifest_content.json to log directory.","Epoch":"SO4","Domain":"GLOBAL"}
{"Service":"ArtifactSync","Status":"SUCCESS","Action":"CopyArtifact","Timestamp":"2025-05-13T08:59:23.2149797+03:00","Details":"Copied manifest.cid to log directory.","Epoch":"SO4","Domain":"GLOBAL"}
{"Service":"ArtifactSync","Status":"SUCCESS","Action":"CopyArtifact","Timestamp":"2025-05-13T08:59:23.7251928+03:00","Details":"Copied epoch.sig to log directory.","Epoch":"SO4","Domain":"GLOBAL"}
--- Completed Domain Sync for Epoch SO4 at 2025-05-13T08:59:24.1711560+03:00 ---
--- Starting Domain Sync for Epoch SO4 at 2025-05-13T08:59:29.6019173+03:00 ---
{"Service":"N/A","Status":"INFO","Action":"StartInitialization","Timestamp":"2025-05-13T08:59:29.6582954+03:00","Details":"Status: active","Epoch":"SO4","Domain":"digital-fabrica.com"}
{"Service":"web","Status":"SIMULATED_SUCCESS","Action":"SimulateDockerPull","Timestamp":"2025-05-13T08:59:29.7542146+03:00","Details":"Pulling generic image nginx:latest","Epoch":"SO4","Domain":"digital-fabrica.com"}
{"Service":"web","Status":"SIMULATED_SUCCESS","Action":"SimulateDockerRun","Timestamp":"2025-05-13T08:59:29.9762307+03:00","Details":"Running generic image nginx:latest with config (Port: 80)","Epoch":"SO4","Domain":"digital-fabrica.com"}
{"Service":"api","Status":"SIMULATED_SUCCESS","Action":"SimulateDockerPull","Timestamp":"2025-05-13T08:59:30.0724456+03:00","Details":"Pulling image fabrica-api:1.2.0 (Version: 1.2.0, Checksum: sim_sha256_fabrica_api_120)","Epoch":"SO4","Domain":"digital-fabrica.com"}
{"Service":"api","Status":"SIMULATED_SUCCESS","Action":"SimulateDockerRun","Timestamp":"2025-05-13T08:59:30.1774992+03:00","Details":"Running image fabrica-api:1.2.0 with config (Port: 8080)","Epoch":"SO4","Domain":"digital-fabrica.com"}
{"Service":"dao_canister","Status":"SIMULATED_SUCCESS","Action":"SimulateDockerPull","Timestamp":"2025-05-13T08:59:30.3031453+03:00","Details":"Pulling image  (Version: 0.8.0, Checksum: )","Epoch":"SO4","Domain":"digital-fabrica.com"}
{"Service":"dao_canister","Status":"SIMULATED_SUCCESS","Action":"SimulateDockerRun","Timestamp":"2025-05-13T08:59:30.3441049+03:00","Details":"Running image  with config (Port: )","Epoch":"SO4","Domain":"digital-fabrica.com"}
{"Service":"N/A","Status":"INFO","Action":"EndInitialization","Timestamp":"2025-05-13T08:59:30.4940005+03:00","Details":"Successfully processed.","Epoch":"SO4","Domain":"digital-fabrica.com"}
{"Service":"N/A","Status":"INFO","Action":"StartInitialization","Timestamp":"2025-05-13T08:59:30.5992244+03:00","Details":"Status: active","Epoch":"SO4","Domain":"g-i-l-c.com"}
{"Service":"web","Status":"SIMULATED_SUCCESS","Action":"SimulateDockerPull","Timestamp":"2025-05-13T08:59:30.6423505+03:00","Details":"Pulling generic image nginx:latest","Epoch":"SO4","Domain":"g-i-l-c.com"}
{"Service":"web","Status":"SIMULATED_SUCCESS","Action":"SimulateDockerRun","Timestamp":"2025-05-13T08:59:30.6969079+03:00","Details":"Running generic image nginx:latest with config (Port: 80)","Epoch":"SO4","Domain":"g-i-l-c.com"}
{"Service":"api","Status":"SIMULATED_SUCCESS","Action":"SimulateDockerPull","Timestamp":"2025-05-13T08:59:30.7895799+03:00","Details":"Pulling image gilc-api:1.0.0 (Version: 1.0.0, Checksum: sim_sha256_gilc_api_100)","Epoch":"SO4","Domain":"g-i-l-c.com"}
{"Service":"api","Status":"SIMULATED_SUCCESS","Action":"SimulateDockerRun","Timestamp":"2025-05-13T08:59:30.8245644+03:00","Details":"Running image gilc-api:1.0.0 with config (Port: 8080)","Epoch":"SO4","Domain":"g-i-l-c.com"}
{"Service":"dao_canister","Status":"SIMULATED_SUCCESS","Action":"SimulateDockerPull","Timestamp":"2025-05-13T08:59:30.8929684+03:00","Details":"Pulling image  (Version: 0.8.0, Checksum: )","Epoch":"SO4","Domain":"g-i-l-c.com"}
{"Service":"dao_canister","Status":"SIMULATED_SUCCESS","Action":"SimulateDockerRun","Timestamp":"2025-05-13T08:59:30.9408892+03:00","Details":"Running image  with config (Port: )","Epoch":"SO4","Domain":"g-i-l-c.com"}
{"Service":"N/A","Status":"INFO","Action":"EndInitialization","Timestamp":"2025-05-13T08:59:31.0353771+03:00","Details":"Successfully processed.","Epoch":"SO4","Domain":"g-i-l-c.com"}
{"Service":"N/A","Status":"INFO","Action":"StartInitialization","Timestamp":"2025-05-13T08:59:31.0817154+03:00","Details":"Status: pending","Epoch":"SO4","Domain":"citizen.solar"}
{"Service":"N/A","Status":"WARN","Action":"SkipDeployment","Timestamp":"2025-05-13T08:59:31.1190691+03:00","Details":"Domain status is pending","Epoch":"SO4","Domain":"citizen.solar"}
{"Service":"N/A","Status":"INFO","Action":"StartInitialization","Timestamp":"2025-05-13T08:59:31.1579785+03:00","Details":"Status: active","Epoch":"SO4","Domain":"yellowchain.org"}
{"Service":"web","Status":"SIMULATED_SUCCESS","Action":"SimulateDockerPull","Timestamp":"2025-05-13T08:59:31.2030162+03:00","Details":"Pulling generic image nginx:latest","Epoch":"SO4","Domain":"yellowchain.org"}
{"Service":"web","Status":"SIMULATED_SUCCESS","Action":"SimulateDockerRun","Timestamp":"2025-05-13T08:59:31.2445553+03:00","Details":"Running generic image nginx:latest with config (Port: 80)","Epoch":"SO4","Domain":"yellowchain.org"}
{"Service":"ledger_api","Status":"SIMULATED_SUCCESS","Action":"SimulateDockerPull","Timestamp":"2025-05-13T08:59:31.2890954+03:00","Details":"Pulling image yellowchain-ledger:0.5.0 (Version: 0.5.0, Checksum: sim_sha256_yc_ledger_050)","Epoch":"SO4","Domain":"yellowchain.org"}
{"Service":"ledger_api","Status":"SIMULATED_SUCCESS","Action":"SimulateDockerRun","Timestamp":"2025-05-13T08:59:31.3569334+03:00","Details":"Running image yellowchain-ledger:0.5.0 with config (Port: 9000)","Epoch":"SO4","Domain":"yellowchain.org"}
{"Service":"dao_canister","Status":"SIMULATED_SUCCESS","Action":"SimulateDockerPull","Timestamp":"2025-05-13T08:59:31.4105530+03:00","Details":"Pulling image  (Version: 0.8.0, Checksum: )","Epoch":"SO4","Domain":"yellowchain.org"}
{"Service":"dao_canister","Status":"SIMULATED_SUCCESS","Action":"SimulateDockerRun","Timestamp":"2025-05-13T08:59:31.4598889+03:00","Details":"Running image  with config (Port: )","Epoch":"SO4","Domain":"yellowchain.org"}
{"Service":"N/A","Status":"INFO","Action":"EndInitialization","Timestamp":"2025-05-13T08:59:31.5073135+03:00","Details":"Successfully processed.","Epoch":"SO4","Domain":"yellowchain.org"}
{"Service":"N/A","Status":"INFO","Action":"StartInitialization","Timestamp":"2025-05-13T08:59:31.6209409+03:00","Details":"Status: active","Epoch":"SO4","Domain":"renewable-exchange.com"}
{"Service":"web","Status":"SIMULATED_SUCCESS","Action":"SimulateDockerPull","Timestamp":"2025-05-13T08:59:31.7573093+03:00","Details":"Pulling generic image nginx:latest","Epoch":"SO4","Domain":"renewable-exchange.com"}
{"Service":"web","Status":"SIMULATED_SUCCESS","Action":"SimulateDockerRun","Timestamp":"2025-05-13T08:59:31.8432657+03:00","Details":"Running generic image nginx:latest with config (Port: 80)","Epoch":"SO4","Domain":"renewable-exchange.com"}
{"Service":"exchange_core","Status":"SIMULATED_SUCCESS","Action":"SimulateDockerPull","Timestamp":"2025-05-13T08:59:31.9084086+03:00","Details":"Pulling image rex-core:2.1.0 (Version: 2.1.0, Checksum: sim_sha256_rex_core_210)","Epoch":"SO4","Domain":"renewable-exchange.com"}
{"Service":"exchange_core","Status":"SIMULATED_SUCCESS","Action":"SimulateDockerRun","Timestamp":"2025-05-13T08:59:31.9747809+03:00","Details":"Running image rex-core:2.1.0 with config (Port: 7000)","Epoch":"SO4","Domain":"renewable-exchange.com"}
{"Service":"dao_canister","Status":"SIMULATED_SUCCESS","Action":"SimulateDockerPull","Timestamp":"2025-05-13T08:59:32.1593679+03:00","Details":"Pulling image  (Version: 0.8.0, Checksum: )","Epoch":"SO4","Domain":"renewable-exchange.com"}
{"Service":"dao_canister","Status":"SIMULATED_SUCCESS","Action":"SimulateDockerRun","Timestamp":"2025-05-13T08:59:32.2340589+03:00","Details":"Running image  with config (Port: )","Epoch":"SO4","Domain":"renewable-exchange.com"}
{"Service":"N/A","Status":"INFO","Action":"EndInitialization","Timestamp":"2025-05-13T08:59:32.2902145+03:00","Details":"Successfully processed.","Epoch":"SO4","Domain":"renewable-exchange.com"}
{"Service":"N/A","Status":"INFO","Action":"StartInitialization","Timestamp":"2025-05-13T08:59:32.3429475+03:00","Details":"Status: active","Epoch":"SO4","Domain":"harvest-exchange.com"}
{"Service":"web","Status":"SIMULATED_SUCCESS","Action":"SimulateDockerPull","Timestamp":"2025-05-13T08:59:32.3956987+03:00","Details":"Pulling generic image nginx:latest","Epoch":"SO4","Domain":"harvest-exchange.com"}
{"Service":"web","Status":"SIMULATED_SUCCESS","Action":"SimulateDockerRun","Timestamp":"2025-05-13T08:59:32.4629073+03:00","Details":"Running generic image nginx:latest with config (Port: 80)","Epoch":"SO4","Domain":"harvest-exchange.com"}
{"Service":"data_processor","Status":"SIMULATED_SUCCESS","Action":"SimulateDockerPull","Timestamp":"2025-05-13T08:59:32.5145960+03:00","Details":"Pulling image harvex-processor:1.8.5 (Version: 1.8.5, Checksum: sim_sha256_harvex_proc_185)","Epoch":"SO4","Domain":"harvest-exchange.com"}
{"Service":"data_processor","Status":"SIMULATED_SUCCESS","Action":"SimulateDockerRun","Timestamp":"2025-05-13T08:59:32.8197835+03:00","Details":"Running image harvex-processor:1.8.5 with config (Port: 6000)","Epoch":"SO4","Domain":"harvest-exchange.com"}
{"Service":"dao_canister","Status":"SIMULATED_SUCCESS","Action":"SimulateDockerPull","Timestamp":"2025-05-13T08:59:32.8992378+03:00","Details":"Pulling image  (Version: 0.8.0, Checksum: )","Epoch":"SO4","Domain":"harvest-exchange.com"}
{"Service":"dao_canister","Status":"SIMULATED_SUCCESS","Action":"SimulateDockerRun","Timestamp":"2025-05-13T08:59:32.9527655+03:00","Details":"Running image  with config (Port: )","Epoch":"SO4","Domain":"harvest-exchange.com"}
{"Service":"N/A","Status":"INFO","Action":"EndInitialization","Timestamp":"2025-05-13T08:59:32.9969617+03:00","Details":"Successfully processed.","Epoch":"SO4","Domain":"harvest-exchange.com"}
{"Service":"ArtifactSync","Status":"SUCCESS","Action":"CopyArtifact","Timestamp":"2025-05-13T08:59:33.1114547+03:00","Details":"Copied registry.json to log directory.","Epoch":"SO4","Domain":"GLOBAL"}
{"Service":"ArtifactSync","Status":"SUCCESS","Action":"CopyArtifact","Timestamp":"2025-05-13T08:59:33.1912282+03:00","Details":"Copied manifest_content.json to log directory.","Epoch":"SO4","Domain":"GLOBAL"}
{"Service":"ArtifactSync","Status":"SUCCESS","Action":"CopyArtifact","Timestamp":"2025-05-13T08:59:33.2704319+03:00","Details":"Copied manifest.cid to log directory.","Epoch":"SO4","Domain":"GLOBAL"}
{"Service":"ArtifactSync","Status":"SUCCESS","Action":"CopyArtifact","Timestamp":"2025-05-13T08:59:33.3372460+03:00","Details":"Copied epoch.sig to log directory.","Epoch":"SO4","Domain":"GLOBAL"}
--- Completed Domain Sync for Epoch SO4 at 2025-05-13T08:59:33.3763290+03:00 ---
